Using pre-set license
Built from '2020.3/staging' branch; Version is '2020.3.3f1 (76626098c1c4) revision 7758432'; Using compiler version '192528614'; Build Type 'Release'
OS: 'Windows 10 Home; OS build 19042.1348; Version 2009; 64bit' Language: 'es' Physical Memory: 16230 MB
BatchMode: 1, IsHumanControllingUs: 0, StartBugReporterOnCrash: 0, Is64bit: 1, IsPro: 0

 COMMAND LINE ARGUMENTS:
C:\Program Files\Unity\Hub\Editor\2020.3.3f1\Editor\Unity.exe
-adb2
-batchMode
-noUpm
-name
AssetImportWorker0
-projectPath
C:/Users/aaron/Documents/OneButtonGameJam
-logFile
Logs/AssetImportWorker0.log
-srvPort
56506
Successfully changed project path to: C:/Users/aaron/Documents/OneButtonGameJam
C:/Users/aaron/Documents/OneButtonGameJam
Using Asset Import Pipeline V2.
Refreshing native plugins compatible for Editor in 65.61 ms, found 1 plugins.
Preloading 0 native plugins for Editor in 0.00 ms.
Initialize engine version: 2020.3.3f1 (76626098c1c4)
[Subsystems] Discovering subsystems at path C:/Program Files/Unity/Hub/Editor/2020.3.3f1/Editor/Data/Resources/UnitySubsystems
[Subsystems] Discovering subsystems at path C:/Users/aaron/Documents/OneButtonGameJam/Assets
GfxDevice: creating device client; threaded=0
Direct3D:
    Version:  Direct3D 11.0 [level 11.1]
    Renderer: NVIDIA GeForce GTX 1060 with Max-Q Design (ID=0x1c20)
    Vendor:   
    VRAM:     6052 MB
    Driver:   24.21.13.9884
Initialize mono
Mono path[0] = 'C:/Program Files/Unity/Hub/Editor/2020.3.3f1/Editor/Data/Managed'
Mono path[1] = 'C:/Program Files/Unity/Hub/Editor/2020.3.3f1/Editor/Data/MonoBleedingEdge/lib/mono/unityjit'
Mono config path = 'C:/Program Files/Unity/Hub/Editor/2020.3.3f1/Editor/Data/MonoBleedingEdge/etc'
Using monoOptions --debugger-agent=transport=dt_socket,embedding=1,server=y,suspend=n,address=127.0.0.1:56012
Begin MonoManager ReloadAssembly
Registering precompiled unity dll's ...
Register platform support module: C:/Program Files/Unity/Hub/Editor/2020.3.3f1/Editor/Data/PlaybackEngines/WebGLSupport/UnityEditor.WebGL.Extensions.dll
Register platform support module: C:/Program Files/Unity/Hub/Editor/2020.3.3f1/Editor/Data/PlaybackEngines/WindowsStandaloneSupport/UnityEditor.WindowsStandalone.Extensions.dll
Registered in 0.006108 seconds.
Native extension for WindowsStandalone target not found
Native extension for WebGL target not found
Refreshing native plugins compatible for Editor in 103.85 ms, found 1 plugins.
Preloading 0 native plugins for Editor in 0.00 ms.
Invoked RoslynAnalysisRunner static constructor.
RoslynAnalysisRunner will not be running.
RoslynAnalysisRunner has terminated.
Mono: successfully reloaded assembly
- Completed reload, in  5.112 seconds
Platform modules already initialized, skipping
Registering precompiled user dll's ...
Registered in 0.002909 seconds.
Begin MonoManager ReloadAssembly
Native extension for WindowsStandalone target not found
Native extension for WebGL target not found
Refreshing native plugins compatible for Editor in 67.15 ms, found 1 plugins.
Preloading 0 native plugins for Editor in 0.00 ms.
Invoked RoslynAnalysisRunner static constructor.
RoslynAnalysisRunner will not be running.
RoslynAnalysisRunner has terminated.
Mono: successfully reloaded assembly
- Completed reload, in  2.107 seconds
Platform modules already initialized, skipping
========================================================================
Worker process is ready to serve import requests
Launched and connected shader compiler UnityShaderCompiler.exe after 0.08 seconds
Refreshing native plugins compatible for Editor in 0.45 ms, found 1 plugins.
Preloading 0 native plugins for Editor in 0.00 ms.
Unloading 1812 Unused Serialized files (Serialized files now loaded: 0)
System memory in use before: 85.1 MB.
System memory in use after: 85.0 MB.

Unloading 23 unused Assets to reduce memory usage. Loaded Objects now: 2257.
Total: 3.125400 ms (FindLiveObjects: 0.239000 ms CreateObjectMapping: 0.112400 ms MarkObjects: 2.594800 ms  DeleteObjects: 0.177700 ms)

========================================================================
Received Import Request.
  path: Assets/Scenes/SampleScene.unity
  artifactKey: Guid(2cda990e2423bbf4892e6590ba056729) Importer(815301076,1909f56bfc062723c751e8b465ee728b)
Start importing Assets/Scenes/SampleScene.unity using Guid(2cda990e2423bbf4892e6590ba056729) Importer(815301076,1909f56bfc062723c751e8b465ee728b)  -> (artifact id: '583bd237f1e3a82c182a5c0d83bb0240') in 0.043710 seconds
  Import took 0.051051 seconds .

========================================================================
Received Prepare
Registering precompiled user dll's ...
Registered in 0.001033 seconds.
Begin MonoManager ReloadAssembly
Native extension for WindowsStandalone target not found
Native extension for WebGL target not found
Refreshing native plugins compatible for Editor in 0.65 ms, found 1 plugins.
Preloading 0 native plugins for Editor in 0.00 ms.
Invoked RoslynAnalysisRunner static constructor.
RoslynAnalysisRunner will not be running.
RoslynAnalysisRunner has terminated.
Mono: successfully reloaded assembly
- Completed reload, in  1.936 seconds
Platform modules already initialized, skipping
Refreshing native plugins compatible for Editor in 0.36 ms, found 1 plugins.
Preloading 0 native plugins for Editor in 0.00 ms.
Unloading 1808 Unused Serialized files (Serialized files now loaded: 0)
System memory in use before: 85.1 MB.
System memory in use after: 85.0 MB.

Unloading 12 unused Assets to reduce memory usage. Loaded Objects now: 2262.
Total: 2.297700 ms (FindLiveObjects: 0.333900 ms CreateObjectMapping: 0.129500 ms MarkObjects: 1.726700 ms  DeleteObjects: 0.106500 ms)

========================================================================
Received Prepare
Registering precompiled user dll's ...
Registered in 0.001512 seconds.
Begin MonoManager ReloadAssembly
Native extension for WindowsStandalone target not found
Native extension for WebGL target not found
Refreshing native plugins compatible for Editor in 0.41 ms, found 1 plugins.
Preloading 0 native plugins for Editor in 0.00 ms.
Invoked RoslynAnalysisRunner static constructor.
RoslynAnalysisRunner will not be running.
RoslynAnalysisRunner has terminated.
Mono: successfully reloaded assembly
- Completed reload, in  1.684 seconds
Platform modules already initialized, skipping
Refreshing native plugins compatible for Editor in 0.39 ms, found 1 plugins.
Preloading 0 native plugins for Editor in 0.00 ms.
Unloading 1808 Unused Serialized files (Serialized files now loaded: 0)
System memory in use before: 85.1 MB.
System memory in use after: 85.1 MB.

Unloading 12 unused Assets to reduce memory usage. Loaded Objects now: 2266.
Total: 3.004300 ms (FindLiveObjects: 0.231700 ms CreateObjectMapping: 0.103300 ms MarkObjects: 2.509900 ms  DeleteObjects: 0.158300 ms)

========================================================================
Received Prepare
Registering precompiled user dll's ...
Registered in 0.001000 seconds.
Begin MonoManager ReloadAssembly
Native extension for WindowsStandalone target not found
Native extension for WebGL target not found
Refreshing native plugins compatible for Editor in 0.90 ms, found 1 plugins.
Preloading 0 native plugins for Editor in 0.00 ms.
Invoked RoslynAnalysisRunner static constructor.
RoslynAnalysisRunner will not be running.
RoslynAnalysisRunner has terminated.
Mono: successfully reloaded assembly
- Completed reload, in  1.513 seconds
Platform modules already initialized, skipping
Refreshing native plugins compatible for Editor in 0.63 ms, found 1 plugins.
Preloading 0 native plugins for Editor in 0.00 ms.
Unloading 1808 Unused Serialized files (Serialized files now loaded: 0)
System memory in use before: 85.1 MB.
System memory in use after: 85.1 MB.

Unloading 12 unused Assets to reduce memory usage. Loaded Objects now: 2270.
Total: 6.536700 ms (FindLiveObjects: 0.793700 ms CreateObjectMapping: 0.334200 ms MarkObjects: 5.015500 ms  DeleteObjects: 0.388300 ms)

========================================================================
Received Import Request.
  Time since last request: 284.521544 seconds.
  path: Assets/Scripts/SceneManager.cs
  artifactKey: Guid(4a1033259c472d944a417b51e4466026) Importer(815301076,1909f56bfc062723c751e8b465ee728b)
Start importing Assets/Scripts/SceneManager.cs using Guid(4a1033259c472d944a417b51e4466026) Importer(815301076,1909f56bfc062723c751e8b465ee728b)  -> (artifact id: 'b5bcdc2ec823e1565b4c61b3583fad18') in 0.132171 seconds
  Import took 0.142261 seconds .

========================================================================
Received Import Request.
  Time since last request: 1.593302 seconds.
  path: Assets/Scripts/SceneManager1.cs
  artifactKey: Guid(3823eea11708a984caab257c5a8348b9) Importer(815301076,1909f56bfc062723c751e8b465ee728b)
Start importing Assets/Scripts/SceneManager1.cs using Guid(3823eea11708a984caab257c5a8348b9) Importer(815301076,1909f56bfc062723c751e8b465ee728b)  -> (artifact id: 'd23585feb7adbf739daed9020e7db114') in 0.003245 seconds
  Import took 0.006446 seconds .

========================================================================
Received Import Request.
  Time since last request: 8.171215 seconds.
  path: Assets/Scripts/SceneManagerStart.cs
  artifactKey: Guid(3823eea11708a984caab257c5a8348b9) Importer(815301076,1909f56bfc062723c751e8b465ee728b)
Start importing Assets/Scripts/SceneManagerStart.cs using Guid(3823eea11708a984caab257c5a8348b9) Importer(815301076,1909f56bfc062723c751e8b465ee728b)  -> (artifact id: '289d4736c2c569094e49acc25951afdc') in 0.003303 seconds
  Import took 0.006622 seconds .

========================================================================
Received Prepare
Registering precompiled user dll's ...
Registered in 0.001279 seconds.
Begin MonoManager ReloadAssembly
Native extension for WindowsStandalone target not found
Native extension for WebGL target not found
Refreshing native plugins compatible for Editor in 0.45 ms, found 1 plugins.
Preloading 0 native plugins for Editor in 0.00 ms.
Invoked RoslynAnalysisRunner static constructor.
RoslynAnalysisRunner will not be running.
RoslynAnalysisRunner has terminated.
Mono: successfully reloaded assembly
- Completed reload, in  1.709 seconds
Platform modules already initialized, skipping
Refreshing native plugins compatible for Editor in 0.79 ms, found 1 plugins.
Preloading 0 native plugins for Editor in 0.00 ms.
Unloading 1809 Unused Serialized files (Serialized files now loaded: 0)
System memory in use before: 85.2 MB.
System memory in use after: 85.1 MB.

Unloading 12 unused Assets to reduce memory usage. Loaded Objects now: 2275.
Total: 2.898000 ms (FindLiveObjects: 0.290600 ms CreateObjectMapping: 0.127600 ms MarkObjects: 2.235000 ms  DeleteObjects: 0.243500 ms)

========================================================================
Received Import Request.
  Time since last request: 111.589244 seconds.
  path: Assets/Scripts/SceneManagerStart.cs
  artifactKey: Guid(3823eea11708a984caab257c5a8348b9) Importer(815301076,1909f56bfc062723c751e8b465ee728b)
Start importing Assets/Scripts/SceneManagerStart.cs using Guid(3823eea11708a984caab257c5a8348b9) Importer(815301076,1909f56bfc062723c751e8b465ee728b)  -> (artifact id: '47c1740038cc865ab2dc57792dbce6aa') in 0.007491 seconds
  Import took 0.012187 seconds .

========================================================================
Received Prepare
Registering precompiled user dll's ...
Registered in 0.001261 seconds.
Begin MonoManager ReloadAssembly
Native extension for WindowsStandalone target not found
Native extension for WebGL target not found
Refreshing native plugins compatible for Editor in 0.63 ms, found 1 plugins.
Preloading 0 native plugins for Editor in 0.00 ms.
Invoked RoslynAnalysisRunner static constructor.
RoslynAnalysisRunner will not be running.
RoslynAnalysisRunner has terminated.
Mono: successfully reloaded assembly
- Completed reload, in  2.635 seconds
Platform modules already initialized, skipping
Refreshing native plugins compatible for Editor in 0.50 ms, found 1 plugins.
Preloading 0 native plugins for Editor in 0.00 ms.
Unloading 1808 Unused Serialized files (Serialized files now loaded: 0)
System memory in use before: 85.2 MB.
System memory in use after: 85.1 MB.

Unloading 13 unused Assets to reduce memory usage. Loaded Objects now: 2278.
Total: 3.301000 ms (FindLiveObjects: 0.280700 ms CreateObjectMapping: 0.122900 ms MarkObjects: 2.708600 ms  DeleteObjects: 0.187500 ms)

========================================================================
Received Prepare
Registering precompiled user dll's ...
Registered in 0.002137 seconds.
Begin MonoManager ReloadAssembly
Native extension for WindowsStandalone target not found
Native extension for WebGL target not found
Refreshing native plugins compatible for Editor in 1.46 ms, found 1 plugins.
Preloading 0 native plugins for Editor in 0.00 ms.
Invoked RoslynAnalysisRunner static constructor.
RoslynAnalysisRunner will not be running.
RoslynAnalysisRunner has terminated.
Mono: successfully reloaded assembly
- Completed reload, in  1.748 seconds
Platform modules already initialized, skipping
Refreshing native plugins compatible for Editor in 0.35 ms, found 1 plugins.
Preloading 0 native plugins for Editor in 0.00 ms.
Unloading 1808 Unused Serialized files (Serialized files now loaded: 0)
System memory in use before: 85.2 MB.
System memory in use after: 85.1 MB.

Unloading 12 unused Assets to reduce memory usage. Loaded Objects now: 2282.
Total: 2.466200 ms (FindLiveObjects: 0.284900 ms CreateObjectMapping: 0.139600 ms MarkObjects: 1.917800 ms  DeleteObjects: 0.122700 ms)

========================================================================
Received Import Request.
  Time since last request: 88.999230 seconds.
  path: Assets/Scripts/SceneManager.cs
  artifactKey: Guid(4a1033259c472d944a417b51e4466026) Importer(815301076,1909f56bfc062723c751e8b465ee728b)
Start importing Assets/Scripts/SceneManager.cs using Guid(4a1033259c472d944a417b51e4466026) Importer(815301076,1909f56bfc062723c751e8b465ee728b)  -> (artifact id: 'abb243a74f2050810438cb0b696a1724') in 0.004985 seconds
  Import took 0.008092 seconds .

========================================================================
Received Prepare
Registering precompiled user dll's ...
Registered in 0.001858 seconds.
Begin MonoManager ReloadAssembly
Native extension for WindowsStandalone target not found
Native extension for WebGL target not found
Refreshing native plugins compatible for Editor in 0.68 ms, found 1 plugins.
Preloading 0 native plugins for Editor in 0.00 ms.
Invoked RoslynAnalysisRunner static constructor.
RoslynAnalysisRunner will not be running.
RoslynAnalysisRunner has terminated.
Mono: successfully reloaded assembly
- Completed reload, in  1.615 seconds
Platform modules already initialized, skipping
Refreshing native plugins compatible for Editor in 0.53 ms, found 1 plugins.
Preloading 0 native plugins for Editor in 0.00 ms.
Unloading 1808 Unused Serialized files (Serialized files now loaded: 0)
System memory in use before: 85.2 MB.
System memory in use after: 85.2 MB.

Unloading 12 unused Assets to reduce memory usage. Loaded Objects now: 2286.
Total: 7.249600 ms (FindLiveObjects: 0.635300 ms CreateObjectMapping: 0.300700 ms MarkObjects: 5.762200 ms  DeleteObjects: 0.547800 ms)

========================================================================
Received Import Request.
  Time since last request: 461.925445 seconds.
  path: Assets/Scenes/StartScene.unity
  artifactKey: Guid(0e6f8da971fdb964abd8fd0f4b6c029c) Importer(815301076,1909f56bfc062723c751e8b465ee728b)
Start importing Assets/Scenes/StartScene.unity using Guid(0e6f8da971fdb964abd8fd0f4b6c029c) Importer(815301076,1909f56bfc062723c751e8b465ee728b)  -> (artifact id: '75a89bb415e986f8416429c80684859b') in 0.019270 seconds
  Import took 0.026028 seconds .

========================================================================
Received Import Request.
  Time since last request: 6.474962 seconds.
  path: Assets/Scenes/StartScene 1.unity
  artifactKey: Guid(de930692bb1b40649b070d1f242dfa9a) Importer(815301076,1909f56bfc062723c751e8b465ee728b)
Start importing Assets/Scenes/StartScene 1.unity using Guid(de930692bb1b40649b070d1f242dfa9a) Importer(815301076,1909f56bfc062723c751e8b465ee728b)  -> (artifact id: 'ead3abe185da7e1dbb3483d27d85fc7c') in 0.004711 seconds
  Import took 0.009085 seconds .

========================================================================
Received Import Request.
  Time since last request: 5.535894 seconds.
  path: Assets/Scenes/IntroScene.unity
  artifactKey: Guid(de930692bb1b40649b070d1f242dfa9a) Importer(815301076,1909f56bfc062723c751e8b465ee728b)
Start importing Assets/Scenes/IntroScene.unity using Guid(de930692bb1b40649b070d1f242dfa9a) Importer(815301076,1909f56bfc062723c751e8b465ee728b)  -> (artifact id: 'd12fe8925ba597a3919e40a67a255b9a') in 0.003509 seconds
  Import took 0.006945 seconds .

========================================================================
Received Import Request.
  Time since last request: 7.256125 seconds.
  path: Assets/Scripts/SceneManager1.cs
  artifactKey: Guid(5ecc401f1c56bcf44946ec5679046aea) Importer(815301076,1909f56bfc062723c751e8b465ee728b)
Start importing Assets/Scripts/SceneManager1.cs using Guid(5ecc401f1c56bcf44946ec5679046aea) Importer(815301076,1909f56bfc062723c751e8b465ee728b)  -> (artifact id: 'd8e3bd46560a4b85d5124d23526dab81') in 0.002776 seconds
  Import took 0.005966 seconds .

========================================================================
Received Import Request.
  Time since last request: 10.209122 seconds.
  path: Assets/Scripts/SceneIntroManager.cs
  artifactKey: Guid(5ecc401f1c56bcf44946ec5679046aea) Importer(815301076,1909f56bfc062723c751e8b465ee728b)
Start importing Assets/Scripts/SceneIntroManager.cs using Guid(5ecc401f1c56bcf44946ec5679046aea) Importer(815301076,1909f56bfc062723c751e8b465ee728b)  -> (artifact id: '1b9d6a822db1640e3f3bf0dd14b87dbc') in 0.003164 seconds
  Import took 0.006337 seconds .

========================================================================
Received Prepare
Registering precompiled user dll's ...
Registered in 0.001214 seconds.
Begin MonoManager ReloadAssembly
Native extension for WindowsStandalone target not found
Native extension for WebGL target not found
Refreshing native plugins compatible for Editor in 0.60 ms, found 1 plugins.
Preloading 0 native plugins for Editor in 0.00 ms.
Invoked RoslynAnalysisRunner static constructor.
RoslynAnalysisRunner will not be running.
RoslynAnalysisRunner has terminated.
Mono: successfully reloaded assembly
- Completed reload, in  1.502 seconds
Platform modules already initialized, skipping
Refreshing native plugins compatible for Editor in 0.48 ms, found 1 plugins.
Preloading 0 native plugins for Editor in 0.00 ms.
Unloading 1809 Unused Serialized files (Serialized files now loaded: 0)
System memory in use before: 85.2 MB.
System memory in use after: 85.2 MB.

Unloading 12 unused Assets to reduce memory usage. Loaded Objects now: 2291.
Total: 3.859800 ms (FindLiveObjects: 0.480900 ms CreateObjectMapping: 0.152400 ms MarkObjects: 3.002800 ms  DeleteObjects: 0.221800 ms)

========================================================================
Received Import Request.
  Time since last request: 226.578396 seconds.
  path: Assets/Scripts/SceneIntroManager.cs
  artifactKey: Guid(5ecc401f1c56bcf44946ec5679046aea) Importer(815301076,1909f56bfc062723c751e8b465ee728b)
Start importing Assets/Scripts/SceneIntroManager.cs using Guid(5ecc401f1c56bcf44946ec5679046aea) Importer(815301076,1909f56bfc062723c751e8b465ee728b)  -> (artifact id: '888b676c7b85004bd27a7bb1a010d285') in 0.006730 seconds
  Import took 0.011064 seconds .

========================================================================
Received Import Request.
  Time since last request: 245.682284 seconds.
  path: Assets/Scenes/IntroScene.unity
  artifactKey: Guid(de930692bb1b40649b070d1f242dfa9a) Importer(815301076,1909f56bfc062723c751e8b465ee728b)
Start importing Assets/Scenes/IntroScene.unity using Guid(de930692bb1b40649b070d1f242dfa9a) Importer(815301076,1909f56bfc062723c751e8b465ee728b)  -> (artifact id: 'e4d2996bfd1da4252b86d39f8bb83193') in 0.025994 seconds
  Import took 0.032686 seconds .

========================================================================
Received Prepare
Registering precompiled user dll's ...
Registered in 0.001227 seconds.
Begin MonoManager ReloadAssembly
Native extension for WindowsStandalone target not found
Native extension for WebGL target not found
Refreshing native plugins compatible for Editor in 0.81 ms, found 1 plugins.
Preloading 0 native plugins for Editor in 0.00 ms.
Invoked RoslynAnalysisRunner static constructor.
RoslynAnalysisRunner will not be running.
RoslynAnalysisRunner has terminated.
Mono: successfully reloaded assembly
- Completed reload, in  2.040 seconds
Platform modules already initialized, skipping
Refreshing native plugins compatible for Editor in 0.63 ms, found 1 plugins.
Preloading 0 native plugins for Editor in 0.00 ms.
Unloading 1809 Unused Serialized files (Serialized files now loaded: 0)
System memory in use before: 85.2 MB.
System memory in use after: 85.2 MB.

Unloading 12 unused Assets to reduce memory usage. Loaded Objects now: 2295.
Total: 3.403100 ms (FindLiveObjects: 0.285700 ms CreateObjectMapping: 0.110900 ms MarkObjects: 2.839500 ms  DeleteObjects: 0.164600 ms)

========================================================================
Received Prepare
Registering precompiled user dll's ...
Registered in 0.001533 seconds.
Begin MonoManager ReloadAssembly
Native extension for WindowsStandalone target not found
Native extension for WebGL target not found
Refreshing native plugins compatible for Editor in 0.46 ms, found 1 plugins.
Preloading 0 native plugins for Editor in 0.00 ms.
Invoked RoslynAnalysisRunner static constructor.
RoslynAnalysisRunner will not be running.
RoslynAnalysisRunner has terminated.
Mono: successfully reloaded assembly
- Completed reload, in  1.603 seconds
Platform modules already initialized, skipping
Refreshing native plugins compatible for Editor in 0.49 ms, found 1 plugins.
Preloading 0 native plugins for Editor in 0.00 ms.
Unloading 1809 Unused Serialized files (Serialized files now loaded: 0)
System memory in use before: 85.3 MB.
System memory in use after: 85.2 MB.

Unloading 12 unused Assets to reduce memory usage. Loaded Objects now: 2299.
Total: 3.173800 ms (FindLiveObjects: 0.385700 ms CreateObjectMapping: 0.154300 ms MarkObjects: 2.465600 ms  DeleteObjects: 0.166500 ms)

========================================================================
Received Prepare
Registering precompiled user dll's ...
Registered in 0.001013 seconds.
Begin MonoManager ReloadAssembly
Native extension for WindowsStandalone target not found
Native extension for WebGL target not found
Refreshing native plugins compatible for Editor in 0.60 ms, found 1 plugins.
Preloading 0 native plugins for Editor in 0.00 ms.
Invoked RoslynAnalysisRunner static constructor.
RoslynAnalysisRunner will not be running.
RoslynAnalysisRunner has terminated.
Mono: successfully reloaded assembly
- Completed reload, in  1.917 seconds
Platform modules already initialized, skipping
Refreshing native plugins compatible for Editor in 0.53 ms, found 1 plugins.
Preloading 0 native plugins for Editor in 0.00 ms.
Unloading 1809 Unused Serialized files (Serialized files now loaded: 0)
System memory in use before: 85.3 MB.
System memory in use after: 85.2 MB.

Unloading 12 unused Assets to reduce memory usage. Loaded Objects now: 2303.
Total: 7.137800 ms (FindLiveObjects: 0.475000 ms CreateObjectMapping: 0.223300 ms MarkObjects: 6.079600 ms  DeleteObjects: 0.356900 ms)

========================================================================
Received Import Request.
  Time since last request: 3638.242649 seconds.
  path: Assets/Scenes/IntroScene.unity
  artifactKey: Guid(de930692bb1b40649b070d1f242dfa9a) Importer(815301076,1909f56bfc062723c751e8b465ee728b)
Start importing Assets/Scenes/IntroScene.unity using Guid(de930692bb1b40649b070d1f242dfa9a) Importer(815301076,1909f56bfc062723c751e8b465ee728b)  -> (artifact id: 'bffa248f71a100b3aec58e58ccbaf569') in 0.020576 seconds
  Import took 0.025734 seconds .

========================================================================
Received Import Request.
  Time since last request: 3.489263 seconds.
  path: Assets/Scenes/StartScene.unity
  artifactKey: Guid(0e6f8da971fdb964abd8fd0f4b6c029c) Importer(815301076,1909f56bfc062723c751e8b465ee728b)
Start importing Assets/Scenes/StartScene.unity using Guid(0e6f8da971fdb964abd8fd0f4b6c029c) Importer(815301076,1909f56bfc062723c751e8b465ee728b)  -> (artifact id: 'ed1b0d3d3b5bac80a652b4dbff7d6c5e') in 0.005255 seconds
  Import took 0.011652 seconds .

========================================================================
Received Import Request.
  Time since last request: 29.751275 seconds.
  path: Assets/Scripts/InformationHolder.cs
  artifactKey: Guid(e3017823c318bfc4eb1e9cbff0268fd1) Importer(815301076,1909f56bfc062723c751e8b465ee728b)
Start importing Assets/Scripts/InformationHolder.cs using Guid(e3017823c318bfc4eb1e9cbff0268fd1) Importer(815301076,1909f56bfc062723c751e8b465ee728b)  -> (artifact id: '7ee41ff4a0597817e2a0fc5680b78174') in 0.011512 seconds
  Import took 0.020532 seconds .

========================================================================
Received Prepare
Registering precompiled user dll's ...
Registered in 0.001581 seconds.
Begin MonoManager ReloadAssembly
Native extension for WindowsStandalone target not found
Native extension for WebGL target not found
Refreshing native plugins compatible for Editor in 0.35 ms, found 1 plugins.
Preloading 0 native plugins for Editor in 0.00 ms.
Invoked RoslynAnalysisRunner static constructor.
RoslynAnalysisRunner will not be running.
RoslynAnalysisRunner has terminated.
Mono: successfully reloaded assembly
- Completed reload, in  1.081 seconds
Platform modules already initialized, skipping
Refreshing native plugins compatible for Editor in 0.35 ms, found 1 plugins.
Preloading 0 native plugins for Editor in 0.00 ms.
Unloading 1810 Unused Serialized files (Serialized files now loaded: 0)
System memory in use before: 85.3 MB.
System memory in use after: 85.3 MB.

Unloading 12 unused Assets to reduce memory usage. Loaded Objects now: 2308.
Total: 2.482000 ms (FindLiveObjects: 0.268900 ms CreateObjectMapping: 0.111800 ms MarkObjects: 1.981900 ms  DeleteObjects: 0.117500 ms)

========================================================================
Received Prepare
Registering precompiled user dll's ...
Registered in 0.001077 seconds.
Begin MonoManager ReloadAssembly
Native extension for WindowsStandalone target not found
Native extension for WebGL target not found
Refreshing native plugins compatible for Editor in 0.46 ms, found 1 plugins.
Preloading 0 native plugins for Editor in 0.00 ms.
Invoked RoslynAnalysisRunner static constructor.
RoslynAnalysisRunner will not be running.
RoslynAnalysisRunner has terminated.
Mono: successfully reloaded assembly
- Completed reload, in  1.757 seconds
Platform modules already initialized, skipping
Refreshing native plugins compatible for Editor in 0.96 ms, found 1 plugins.
Preloading 0 native plugins for Editor in 0.00 ms.
Unloading 1810 Unused Serialized files (Serialized files now loaded: 0)
System memory in use before: 85.3 MB.
System memory in use after: 85.3 MB.

Unloading 12 unused Assets to reduce memory usage. Loaded Objects now: 2312.
Total: 8.163000 ms (FindLiveObjects: 0.498200 ms CreateObjectMapping: 0.239300 ms MarkObjects: 7.057500 ms  DeleteObjects: 0.364600 ms)

========================================================================
Received Import Request.
  Time since last request: 96.173173 seconds.
  path: Assets/Scripts/InformationHolder.cs
  artifactKey: Guid(e3017823c318bfc4eb1e9cbff0268fd1) Importer(815301076,1909f56bfc062723c751e8b465ee728b)
Start importing Assets/Scripts/InformationHolder.cs using Guid(e3017823c318bfc4eb1e9cbff0268fd1) Importer(815301076,1909f56bfc062723c751e8b465ee728b)  -> (artifact id: '27fb5422be9ba298341ba3c5e57e60f1') in 0.016081 seconds
  Import took 0.025858 seconds .

========================================================================
Received Prepare
Registering precompiled user dll's ...
Registered in 0.001610 seconds.
Begin MonoManager ReloadAssembly
Native extension for WindowsStandalone target not found
Native extension for WebGL target not found
Refreshing native plugins compatible for Editor in 0.67 ms, found 1 plugins.
Preloading 0 native plugins for Editor in 0.00 ms.
Invoked RoslynAnalysisRunner static constructor.
RoslynAnalysisRunner will not be running.
RoslynAnalysisRunner has terminated.
Mono: successfully reloaded assembly
- Completed reload, in  2.036 seconds
Platform modules already initialized, skipping
Refreshing native plugins compatible for Editor in 0.64 ms, found 1 plugins.
Preloading 0 native plugins for Editor in 0.00 ms.
Unloading 1810 Unused Serialized files (Serialized files now loaded: 0)
System memory in use before: 85.3 MB.
System memory in use after: 85.3 MB.

Unloading 12 unused Assets to reduce memory usage. Loaded Objects now: 2316.
Total: 6.633300 ms (FindLiveObjects: 0.635000 ms CreateObjectMapping: 0.228600 ms MarkObjects: 5.452700 ms  DeleteObjects: 0.313700 ms)

========================================================================
Received Prepare
Registering precompiled user dll's ...
Registered in 0.002004 seconds.
Begin MonoManager ReloadAssembly
Native extension for WindowsStandalone target not found
Native extension for WebGL target not found
Refreshing native plugins compatible for Editor in 0.36 ms, found 1 plugins.
Preloading 0 native plugins for Editor in 0.00 ms.
Invoked RoslynAnalysisRunner static constructor.
RoslynAnalysisRunner will not be running.
RoslynAnalysisRunner has terminated.
Mono: successfully reloaded assembly
- Completed reload, in  1.629 seconds
Platform modules already initialized, skipping
Refreshing native plugins compatible for Editor in 0.48 ms, found 1 plugins.
Preloading 0 native plugins for Editor in 0.00 ms.
Unloading 1810 Unused Serialized files (Serialized files now loaded: 0)
System memory in use before: 85.3 MB.
System memory in use after: 85.3 MB.

Unloading 12 unused Assets to reduce memory usage. Loaded Objects now: 2320.
Total: 3.229400 ms (FindLiveObjects: 0.265100 ms CreateObjectMapping: 0.109900 ms MarkObjects: 2.690400 ms  DeleteObjects: 0.162500 ms)

========================================================================
Received Prepare
Registering precompiled user dll's ...
Registered in 0.001289 seconds.
Begin MonoManager ReloadAssembly
Native extension for WindowsStandalone target not found
Native extension for WebGL target not found
Refreshing native plugins compatible for Editor in 0.92 ms, found 1 plugins.
Preloading 0 native plugins for Editor in 0.00 ms.
Invoked RoslynAnalysisRunner static constructor.
RoslynAnalysisRunner will not be running.
RoslynAnalysisRunner has terminated.
Mono: successfully reloaded assembly
- Completed reload, in  1.566 seconds
Platform modules already initialized, skipping
Refreshing native plugins compatible for Editor in 0.64 ms, found 1 plugins.
Preloading 0 native plugins for Editor in 0.00 ms.
Unloading 1810 Unused Serialized files (Serialized files now loaded: 0)
System memory in use before: 85.3 MB.
System memory in use after: 85.3 MB.

Unloading 12 unused Assets to reduce memory usage. Loaded Objects now: 2324.
Total: 4.570100 ms (FindLiveObjects: 0.487900 ms CreateObjectMapping: 0.196300 ms MarkObjects: 3.554200 ms  DeleteObjects: 0.329200 ms)

========================================================================
Received Prepare
Registering precompiled user dll's ...
Registered in 0.001258 seconds.
Begin MonoManager ReloadAssembly
Native extension for WindowsStandalone target not found
Native extension for WebGL target not found
Refreshing native plugins compatible for Editor in 0.91 ms, found 1 plugins.
Preloading 0 native plugins for Editor in 0.00 ms.
Invoked RoslynAnalysisRunner static constructor.
RoslynAnalysisRunner will not be running.
RoslynAnalysisRunner has terminated.
Mono: successfully reloaded assembly
- Completed reload, in  1.773 seconds
Platform modules already initialized, skipping
Refreshing native plugins compatible for Editor in 0.68 ms, found 1 plugins.
Preloading 0 native plugins for Editor in 0.00 ms.
Unloading 1810 Unused Serialized files (Serialized files now loaded: 0)
System memory in use before: 85.3 MB.
System memory in use after: 85.3 MB.

Unloading 12 unused Assets to reduce memory usage. Loaded Objects now: 2328.
Total: 3.810700 ms (FindLiveObjects: 0.297100 ms CreateObjectMapping: 0.120800 ms MarkObjects: 3.150100 ms  DeleteObjects: 0.241000 ms)

