Using pre-set license
Built from '2020.3/staging' branch; Version is '2020.3.3f1 (76626098c1c4) revision 7758432'; Using compiler version '192528614'; Build Type 'Release'
OS: 'Windows 10 Home; OS build 19042.1348; Version 2009; 64bit' Language: 'es' Physical Memory: 16230 MB
BatchMode: 1, IsHumanControllingUs: 0, StartBugReporterOnCrash: 0, Is64bit: 1, IsPro: 0

 COMMAND LINE ARGUMENTS:
C:\Program Files\Unity\Hub\Editor\2020.3.3f1\Editor\Unity.exe
-adb2
-batchMode
-noUpm
-name
AssetImportWorker0
-projectPath
C:/Users/aaron/Documents/OneButtonGameJam
-logFile
Logs/AssetImportWorker0.log
-srvPort
55359
Successfully changed project path to: C:/Users/aaron/Documents/OneButtonGameJam
C:/Users/aaron/Documents/OneButtonGameJam
Using Asset Import Pipeline V2.
Refreshing native plugins compatible for Editor in 146.14 ms, found 1 plugins.
Preloading 0 native plugins for Editor in 0.00 ms.
Initialize engine version: 2020.3.3f1 (76626098c1c4)
[Subsystems] Discovering subsystems at path C:/Program Files/Unity/Hub/Editor/2020.3.3f1/Editor/Data/Resources/UnitySubsystems
[Subsystems] Discovering subsystems at path C:/Users/aaron/Documents/OneButtonGameJam/Assets
GfxDevice: creating device client; threaded=0
Direct3D:
    Version:  Direct3D 11.0 [level 11.1]
    Renderer: NVIDIA GeForce GTX 1060 with Max-Q Design (ID=0x1c20)
    Vendor:   
    VRAM:     6052 MB
    Driver:   24.21.13.9884
Initialize mono
Mono path[0] = 'C:/Program Files/Unity/Hub/Editor/2020.3.3f1/Editor/Data/Managed'
Mono path[1] = 'C:/Program Files/Unity/Hub/Editor/2020.3.3f1/Editor/Data/MonoBleedingEdge/lib/mono/unityjit'
Mono config path = 'C:/Program Files/Unity/Hub/Editor/2020.3.3f1/Editor/Data/MonoBleedingEdge/etc'
Using monoOptions --debugger-agent=transport=dt_socket,embedding=1,server=y,suspend=n,address=127.0.0.1:56744
Begin MonoManager ReloadAssembly
Registering precompiled unity dll's ...
Register platform support module: C:/Program Files/Unity/Hub/Editor/2020.3.3f1/Editor/Data/PlaybackEngines/WebGLSupport/UnityEditor.WebGL.Extensions.dll
Register platform support module: C:/Program Files/Unity/Hub/Editor/2020.3.3f1/Editor/Data/PlaybackEngines/WindowsStandaloneSupport/UnityEditor.WindowsStandalone.Extensions.dll
Registered in 0.005531 seconds.
Native extension for WindowsStandalone target not found
Native extension for WebGL target not found
Refreshing native plugins compatible for Editor in 74.73 ms, found 1 plugins.
Preloading 0 native plugins for Editor in 0.00 ms.
Invoked RoslynAnalysisRunner static constructor.
RoslynAnalysisRunner will not be running.
RoslynAnalysisRunner has terminated.
Mono: successfully reloaded assembly
- Completed reload, in  4.999 seconds
Platform modules already initialized, skipping
Registering precompiled user dll's ...
Registered in 0.004023 seconds.
Begin MonoManager ReloadAssembly
Native extension for WindowsStandalone target not found
Native extension for WebGL target not found
Refreshing native plugins compatible for Editor in 104.65 ms, found 1 plugins.
Preloading 0 native plugins for Editor in 0.00 ms.
Invoked RoslynAnalysisRunner static constructor.
RoslynAnalysisRunner will not be running.
RoslynAnalysisRunner has terminated.
Mono: successfully reloaded assembly
- Completed reload, in  2.401 seconds
Platform modules already initialized, skipping
========================================================================
Worker process is ready to serve import requests
Launched and connected shader compiler UnityShaderCompiler.exe after 0.11 seconds
Refreshing native plugins compatible for Editor in 0.81 ms, found 1 plugins.
Preloading 0 native plugins for Editor in 0.00 ms.
Unloading 1815 Unused Serialized files (Serialized files now loaded: 0)
System memory in use before: 85.1 MB.
System memory in use after: 85.1 MB.

Unloading 23 unused Assets to reduce memory usage. Loaded Objects now: 2260.
Total: 7.142000 ms (FindLiveObjects: 0.646900 ms CreateObjectMapping: 0.299800 ms MarkObjects: 5.846900 ms  DeleteObjects: 0.344300 ms)

========================================================================
Received Import Request.
  path: Assets/Art/Enemigo 1/enemigo1_1.png
  artifactKey: Guid(f9a26aa80932f3c45a1c5d307c9cc59a) Importer(815301076,1909f56bfc062723c751e8b465ee728b)
Start importing Assets/Art/Enemigo 1/enemigo1_1.png using Guid(f9a26aa80932f3c45a1c5d307c9cc59a) Importer(815301076,1909f56bfc062723c751e8b465ee728b)  -> (artifact id: '7dca0e73f1b205902cf58840b7bc5a5d') in 0.182239 seconds
  Import took 0.188889 seconds .

========================================================================
Received Import Request.
  Time since last request: 0.000876 seconds.
  path: Assets/Art
  artifactKey: Guid(abee38dcc55a5ea49b6505f99b103c62) Importer(815301076,1909f56bfc062723c751e8b465ee728b)
Start importing Assets/Art using Guid(abee38dcc55a5ea49b6505f99b103c62) Importer(815301076,1909f56bfc062723c751e8b465ee728b)  -> (artifact id: '25ba3954b4aee0a68751419958555b5b') in 0.003446 seconds
  Import took 0.007026 seconds .

========================================================================
Received Import Request.
  Time since last request: 0.000557 seconds.
  path: Assets/Art/Enemigo 1/enemigo 1-Sheet.png
  artifactKey: Guid(d67d57897283a1f4bb549e16054b6ef6) Importer(815301076,1909f56bfc062723c751e8b465ee728b)
Start importing Assets/Art/Enemigo 1/enemigo 1-Sheet.png using Guid(d67d57897283a1f4bb549e16054b6ef6) Importer(815301076,1909f56bfc062723c751e8b465ee728b)  -> (artifact id: '38648f1c58ea04ba3bbe2e5f42b5ef10') in 0.011409 seconds
  Import took 0.015088 seconds .

========================================================================
Received Import Request.
  Time since last request: 0.000512 seconds.
  path: Assets/Art/Enemigo 1/enemigo1_0.png
  artifactKey: Guid(36f52bd2e2e701849ad4775045096853) Importer(815301076,1909f56bfc062723c751e8b465ee728b)
Start importing Assets/Art/Enemigo 1/enemigo1_0.png using Guid(36f52bd2e2e701849ad4775045096853) Importer(815301076,1909f56bfc062723c751e8b465ee728b)  -> (artifact id: '4c342cef538c884a999af0645355d1ac') in 0.010663 seconds
  Import took 0.014987 seconds .

========================================================================
Received Import Request.
  Time since last request: 0.000568 seconds.
  path: Assets/Art/Enemigo 1
  artifactKey: Guid(916aeb1b0dd3b634fa26d050ed7c3d6c) Importer(815301076,1909f56bfc062723c751e8b465ee728b)
Start importing Assets/Art/Enemigo 1 using Guid(916aeb1b0dd3b634fa26d050ed7c3d6c) Importer(815301076,1909f56bfc062723c751e8b465ee728b)  -> (artifact id: '35823e444d348dbb8db2ec8eedd67047') in 0.003048 seconds
  Import took 0.007128 seconds .

========================================================================
Received Import Request.
  Time since last request: 22.758665 seconds.
  path: Assets/Art/Enemigo 1/enemigo 1-Sheet.png
  artifactKey: Guid(d67d57897283a1f4bb549e16054b6ef6) Importer(815301076,1909f56bfc062723c751e8b465ee728b)
Start importing Assets/Art/Enemigo 1/enemigo 1-Sheet.png using Guid(d67d57897283a1f4bb549e16054b6ef6) Importer(815301076,1909f56bfc062723c751e8b465ee728b)  -> (artifact id: 'dc12d922e2508c29f16bf6e0895f6494') in 0.013792 seconds
  Import took 0.020784 seconds .

========================================================================
Received Import Request.
  Time since last request: 24.701898 seconds.
  path: Assets/Art/Enemigo 1/enemigo 1-Sheet.png
  artifactKey: Guid(d67d57897283a1f4bb549e16054b6ef6) Importer(815301076,1909f56bfc062723c751e8b465ee728b)
Start importing Assets/Art/Enemigo 1/enemigo 1-Sheet.png using Guid(d67d57897283a1f4bb549e16054b6ef6) Importer(815301076,1909f56bfc062723c751e8b465ee728b)  -> (artifact id: '252c6f9e872a0e10e583711522066c57') in 0.015260 seconds
  Import took 0.019943 seconds .

========================================================================
Received Import Request.
  Time since last request: 20.275638 seconds.
  path: Packages/com.unity.2d.animation/Editor/Assets/SkinningModule/Icons/Light/Bone_Influence@2x.png
  artifactKey: Guid(7395bf0bc3cc40e4ab2dda5ec6832261) Importer(815301076,1909f56bfc062723c751e8b465ee728b)
Start importing Packages/com.unity.2d.animation/Editor/Assets/SkinningModule/Icons/Light/Bone_Influence@2x.png using Guid(7395bf0bc3cc40e4ab2dda5ec6832261) Importer(815301076,1909f56bfc062723c751e8b465ee728b)  -> (artifact id: 'a045c0ca21c8b4fb8dfc4b6cbaa22840') in 0.023280 seconds
  Import took 0.030524 seconds .

========================================================================
Received Import Request.
  Time since last request: 0.000963 seconds.
  path: Packages/com.unity.2d.animation/Editor/Assets/SkinningModule/Icons/Selected/character_Mode@4x.png
  artifactKey: Guid(0ccc508108fa6ed4fa11b4a467d7f609) Importer(815301076,1909f56bfc062723c751e8b465ee728b)
Start importing Packages/com.unity.2d.animation/Editor/Assets/SkinningModule/Icons/Selected/character_Mode@4x.png using Guid(0ccc508108fa6ed4fa11b4a467d7f609) Importer(815301076,1909f56bfc062723c751e8b465ee728b)  -> (artifact id: '11bc5e3ecf372067a8b42880832c9d35') in 0.022729 seconds
  Import took 0.029816 seconds .

========================================================================
Received Import Request.
  Time since last request: 0.000963 seconds.
  path: Packages/com.unity.2d.animation/Editor/Assets/SkinningModule/Icons/Light/Copy.png
  artifactKey: Guid(42f4b048501996743958df91513f824a) Importer(815301076,1909f56bfc062723c751e8b465ee728b)
Start importing Packages/com.unity.2d.animation/Editor/Assets/SkinningModule/Icons/Light/Copy.png using Guid(42f4b048501996743958df91513f824a) Importer(815301076,1909f56bfc062723c751e8b465ee728b)  -> (artifact id: '2a2e086fb5a58ae0fcead613e43db072') in 0.020203 seconds
  Import took 0.026122 seconds .

========================================================================
Received Import Request.
  Time since last request: 0.000842 seconds.
  path: Packages/com.unity.2d.animation/Editor/Assets/SkinningModule/Icons/Dark/d_Bone_Influence@3x.png
  artifactKey: Guid(56431fa7b1b21794baaf8d8e47c78bdb) Importer(815301076,1909f56bfc062723c751e8b465ee728b)
Start importing Packages/com.unity.2d.animation/Editor/Assets/SkinningModule/Icons/Dark/d_Bone_Influence@3x.png using Guid(56431fa7b1b21794baaf8d8e47c78bdb) Importer(815301076,1909f56bfc062723c751e8b465ee728b)  -> (artifact id: '260e80830eabb43bc5415378b7ff72b4') in 0.012972 seconds
  Import took 0.016726 seconds .

========================================================================
Received Import Request.
  Time since last request: 0.000782 seconds.
  path: Packages/com.unity.2d.animation/Editor/Assets/SkinningModule/Icons/Selected/Bone_Influence@4x.png
  artifactKey: Guid(daf2ab606d4db0d4f9ecf4c02137d2a8) Importer(815301076,1909f56bfc062723c751e8b465ee728b)
Start importing Packages/com.unity.2d.animation/Editor/Assets/SkinningModule/Icons/Selected/Bone_Influence@4x.png using Guid(daf2ab606d4db0d4f9ecf4c02137d2a8) Importer(815301076,1909f56bfc062723c751e8b465ee728b)  -> (artifact id: 'aa003fd9896b5a4435eb8ab8af86a675') in 0.010882 seconds
  Import took 0.014175 seconds .

========================================================================
Received Import Request.
  Time since last request: 0.000455 seconds.
  path: Packages/com.unity.2d.animation/Editor/Assets/SkinningModule/Icons/Light/Create_Edge@4x.png
  artifactKey: Guid(1f21190ca9d1e8540b2a3a2e46002685) Importer(815301076,1909f56bfc062723c751e8b465ee728b)
Start importing Packages/com.unity.2d.animation/Editor/Assets/SkinningModule/Icons/Light/Create_Edge@4x.png using Guid(1f21190ca9d1e8540b2a3a2e46002685) Importer(815301076,1909f56bfc062723c751e8b465ee728b)  -> (artifact id: 'be3fbd92716ffae9e546c0043f3ec89b') in 0.010567 seconds
  Import took 0.013984 seconds .

========================================================================
Received Import Request.
  Time since last request: 0.000528 seconds.
  path: Packages/com.unity.2d.animation/Editor/Assets/SkinningModule/Icons/Selected/Create Bones@4x.png
  artifactKey: Guid(61ac40b257b3a994f841856ad38b2b6b) Importer(815301076,1909f56bfc062723c751e8b465ee728b)
Start importing Packages/com.unity.2d.animation/Editor/Assets/SkinningModule/Icons/Selected/Create Bones@4x.png using Guid(61ac40b257b3a994f841856ad38b2b6b) Importer(815301076,1909f56bfc062723c751e8b465ee728b)  -> (artifact id: '04b0e0c533607b6307b24c6810298a93') in 0.012609 seconds
  Import took 0.016728 seconds .

========================================================================
Received Import Request.
  Time since last request: 0.000760 seconds.
  path: Packages/com.unity.2d.animation/Editor/Assets/SkinningModule/Icons/Selected/Copy.png
  artifactKey: Guid(678095381d851334fb550c5032ba1a81) Importer(815301076,1909f56bfc062723c751e8b465ee728b)
Start importing Packages/com.unity.2d.animation/Editor/Assets/SkinningModule/Icons/Selected/Copy.png using Guid(678095381d851334fb550c5032ba1a81) Importer(815301076,1909f56bfc062723c751e8b465ee728b)  -> (artifact id: 'a2aab9c4c6580da56c0e2197c0a73c49') in 0.013397 seconds
  Import took 0.017126 seconds .

========================================================================
Received Import Request.
  Time since last request: 0.000628 seconds.
  path: Packages/com.unity.2d.animation/Editor/Assets/SkinningModule/Icons/Selected/Create Bones@3x.png
  artifactKey: Guid(7835bec40f86c2c4fb3f91a6eb3b7034) Importer(815301076,1909f56bfc062723c751e8b465ee728b)
Start importing Packages/com.unity.2d.animation/Editor/Assets/SkinningModule/Icons/Selected/Create Bones@3x.png using Guid(7835bec40f86c2c4fb3f91a6eb3b7034) Importer(815301076,1909f56bfc062723c751e8b465ee728b)  -> (artifact id: 'e04fcf96d18ed58a5c2333c7a8395877') in 0.013211 seconds
  Import took 0.017916 seconds .

========================================================================
Received Import Request.
  Time since last request: 0.000794 seconds.
  path: Packages/com.unity.2d.animation/Editor/Assets/SkinningModule/Icons/Selected/Create Bones.png
  artifactKey: Guid(7b86a539750e1a44ca7ec5b7f690babd) Importer(815301076,1909f56bfc062723c751e8b465ee728b)
Start importing Packages/com.unity.2d.animation/Editor/Assets/SkinningModule/Icons/Selected/Create Bones.png using Guid(7b86a539750e1a44ca7ec5b7f690babd) Importer(815301076,1909f56bfc062723c751e8b465ee728b)  -> (artifact id: '3b6241115b39d26111e5645ab60901f2') in 0.015426 seconds
  Import took 0.021444 seconds .

========================================================================
Received Import Request.
  Time since last request: 0.000693 seconds.
  path: Packages/com.unity.2d.animation/Editor/Assets/SkinningModule/Icons/Selected/Create_Vertex@4x.png
  artifactKey: Guid(6a7ac9e8c26b12440bf2b1da2ca97794) Importer(815301076,1909f56bfc062723c751e8b465ee728b)
Start importing Packages/com.unity.2d.animation/Editor/Assets/SkinningModule/Icons/Selected/Create_Vertex@4x.png using Guid(6a7ac9e8c26b12440bf2b1da2ca97794) Importer(815301076,1909f56bfc062723c751e8b465ee728b)  -> (artifact id: 'fce56dff0df1764de6d957dcc5ddbe86') in 0.013523 seconds
  Import took 0.018358 seconds .

========================================================================
Received Import Request.
  Time since last request: 0.000606 seconds.
  path: Packages/com.unity.2d.animation/Editor/Assets/SkinningModule/Icons/Light/character_Mode@2x.png
  artifactKey: Guid(25096ce515c063c48a2bd6b108c95912) Importer(815301076,1909f56bfc062723c751e8b465ee728b)
Start importing Packages/com.unity.2d.animation/Editor/Assets/SkinningModule/Icons/Light/character_Mode@2x.png using Guid(25096ce515c063c48a2bd6b108c95912) Importer(815301076,1909f56bfc062723c751e8b465ee728b)  -> (artifact id: '81983d1d5d3526478f23461966097ebf') in 0.013792 seconds
  Import took 0.017839 seconds .

========================================================================
Received Import Request.
  Time since last request: 0.000474 seconds.
  path: Packages/com.unity.2d.animation/Editor/Assets/SkinningModule/Icons/Selected/d_Bone.png
  artifactKey: Guid(006a3adba8ff95144b4e779daa84bb7e) Importer(815301076,1909f56bfc062723c751e8b465ee728b)
Start importing Packages/com.unity.2d.animation/Editor/Assets/SkinningModule/Icons/Selected/d_Bone.png using Guid(006a3adba8ff95144b4e779daa84bb7e) Importer(815301076,1909f56bfc062723c751e8b465ee728b)  -> (artifact id: 'da24fc4ced47712e141d9d32f56c8b90') in 0.012588 seconds
  Import took 0.016454 seconds .

========================================================================
Received Import Request.
  Time since last request: 0.000611 seconds.
  path: Packages/com.unity.2d.animation/Editor/Assets/SkinningModule/Icons/Light/Create Bones@3x.png
  artifactKey: Guid(803b0b9bfc1fd824aae8423bfbab83b4) Importer(815301076,1909f56bfc062723c751e8b465ee728b)
Start importing Packages/com.unity.2d.animation/Editor/Assets/SkinningModule/Icons/Light/Create Bones@3x.png using Guid(803b0b9bfc1fd824aae8423bfbab83b4) Importer(815301076,1909f56bfc062723c751e8b465ee728b)  -> (artifact id: 'da3ac1a1e73922b4cbbb10c2d53746ab') in 0.014013 seconds
  Import took 0.018153 seconds .

========================================================================
Received Import Request.
  Time since last request: 0.000666 seconds.
  path: Packages/com.unity.2d.animation/Editor/Assets/SkinningModule/Icons/Selected/character_Mode@3x.png
  artifactKey: Guid(dcea51d6065d64246aeec467afeff684) Importer(815301076,1909f56bfc062723c751e8b465ee728b)
Start importing Packages/com.unity.2d.animation/Editor/Assets/SkinningModule/Icons/Selected/character_Mode@3x.png using Guid(dcea51d6065d64246aeec467afeff684) Importer(815301076,1909f56bfc062723c751e8b465ee728b)  -> (artifact id: '642f7567f07fc71da70633ebf68c831e') in 0.012511 seconds
  Import took 0.016630 seconds .

========================================================================
Received Import Request.
  Time since last request: 0.000668 seconds.
  path: Packages/com.unity.2d.animation/Editor/Assets/SkinningModule/Icons/Light/Create_Vertex.png
  artifactKey: Guid(31f371f2dfe50c34081023094aed72c3) Importer(815301076,1909f56bfc062723c751e8b465ee728b)
Start importing Packages/com.unity.2d.animation/Editor/Assets/SkinningModule/Icons/Light/Create_Vertex.png using Guid(31f371f2dfe50c34081023094aed72c3) Importer(815301076,1909f56bfc062723c751e8b465ee728b)  -> (artifact id: '1ddbb76f0fb862e40845e7b5e231cffd') in 0.015615 seconds
  Import took 0.020619 seconds .

========================================================================
Received Import Request.
  Time since last request: 0.000722 seconds.
  path: Packages/com.unity.2d.sprite/Editor/ObjectMenuCreation/DefaultAssets/Textures/CircleWithBorder.png
  artifactKey: Guid(4adeaf2d2b1c7417e89f026626d8264f) Importer(815301076,1909f56bfc062723c751e8b465ee728b)
Start importing Packages/com.unity.2d.sprite/Editor/ObjectMenuCreation/DefaultAssets/Textures/CircleWithBorder.png using Guid(4adeaf2d2b1c7417e89f026626d8264f) Importer(815301076,1909f56bfc062723c751e8b465ee728b)  -> (artifact id: '616875e30e281ee85940a29b3f6180d3') in 0.014057 seconds
  Import took 0.017997 seconds .

========================================================================
Received Import Request.
  Time since last request: 0.000537 seconds.
  path: Packages/com.unity.2d.animation/Editor/Assets/SkinningModule/Icons/Selected/Bone_Influence@3x.png
  artifactKey: Guid(68e5a78013e33f247822a837e55b0ab4) Importer(815301076,1909f56bfc062723c751e8b465ee728b)
Start importing Packages/com.unity.2d.animation/Editor/Assets/SkinningModule/Icons/Selected/Bone_Influence@3x.png using Guid(68e5a78013e33f247822a837e55b0ab4) Importer(815301076,1909f56bfc062723c751e8b465ee728b)  -> (artifact id: '0bf8524a55db6b1be48a1263ac63962b') in 0.012920 seconds
  Import took 0.018358 seconds .

========================================================================
Received Import Request.
  Time since last request: 0.000974 seconds.
  path: Packages/com.unity.2d.animation/Editor/Assets/SkinningModule/Icons/Selected/Create_Vertex@3x.png
  artifactKey: Guid(47fe565904dc6b1419e9acc62b99812e) Importer(815301076,1909f56bfc062723c751e8b465ee728b)
Start importing Packages/com.unity.2d.animation/Editor/Assets/SkinningModule/Icons/Selected/Create_Vertex@3x.png using Guid(47fe565904dc6b1419e9acc62b99812e) Importer(815301076,1909f56bfc062723c751e8b465ee728b)  -> (artifact id: 'e12104f0e393d16af34cbd7f682c501b') in 0.013777 seconds
  Import took 0.018575 seconds .

========================================================================
Received Import Request.
  Time since last request: 0.000589 seconds.
  path: Packages/com.unity.2d.animation/Editor/Assets/SkinningModule/Icons/Dark/d_Bone_Influence@4x.png
  artifactKey: Guid(1e0f2b45945c8254abd59f40d783c11f) Importer(815301076,1909f56bfc062723c751e8b465ee728b)
Start importing Packages/com.unity.2d.animation/Editor/Assets/SkinningModule/Icons/Dark/d_Bone_Influence@4x.png using Guid(1e0f2b45945c8254abd59f40d783c11f) Importer(815301076,1909f56bfc062723c751e8b465ee728b)  -> (artifact id: '02b065260d3e7909d09b227a0d840163') in 0.015171 seconds
  Import took 0.019167 seconds .

========================================================================
Received Import Request.
  Time since last request: 0.000658 seconds.
  path: Packages/com.unity.2d.animation/Editor/Assets/SkinningModule/Icons/Selected/Copy@4x.png
  artifactKey: Guid(b6a96c7c65795c94abf54a62adbf5c38) Importer(815301076,1909f56bfc062723c751e8b465ee728b)
Start importing Packages/com.unity.2d.animation/Editor/Assets/SkinningModule/Icons/Selected/Copy@4x.png using Guid(b6a96c7c65795c94abf54a62adbf5c38) Importer(815301076,1909f56bfc062723c751e8b465ee728b)  -> (artifact id: 'e9e9a5235f9a1578725822c26a4d9ef8') in 0.012894 seconds
  Import took 0.016997 seconds .

========================================================================
Received Import Request.
  Time since last request: 0.000613 seconds.
  path: Packages/com.unity.2d.animation/Editor/Assets/SkinningModule/Icons/Light/Bone_Influence@4x.png
  artifactKey: Guid(c7aa62ae78ffca0498c89e5f45f94c0e) Importer(815301076,1909f56bfc062723c751e8b465ee728b)
Start importing Packages/com.unity.2d.animation/Editor/Assets/SkinningModule/Icons/Light/Bone_Influence@4x.png using Guid(c7aa62ae78ffca0498c89e5f45f94c0e) Importer(815301076,1909f56bfc062723c751e8b465ee728b)  -> (artifact id: 'b3e0b430ccd9797d2047386860b5f9d8') in 0.016219 seconds
  Import took 0.022623 seconds .

========================================================================
Received Import Request.
  Time since last request: 0.000669 seconds.
  path: Packages/com.unity.2d.animation/Editor/Assets/SkinningModule/Icons/Light/Create_Edge.png
  artifactKey: Guid(1af9d2e44ecf3a2468601c9071df581f) Importer(815301076,1909f56bfc062723c751e8b465ee728b)
Start importing Packages/com.unity.2d.animation/Editor/Assets/SkinningModule/Icons/Light/Create_Edge.png using Guid(1af9d2e44ecf3a2468601c9071df581f) Importer(815301076,1909f56bfc062723c751e8b465ee728b)  -> (artifact id: 'c7871e9c486ac9a34474add252c00e5c') in 0.012837 seconds
  Import took 0.018869 seconds .

========================================================================
Received Import Request.
  Time since last request: 0.000621 seconds.
  path: Packages/com.unity.2d.animation/Editor/Assets/SkinningModule/Icons/Light/Create_Vertex@2x.png
  artifactKey: Guid(a0c33b3a6e0728343b29883d739f1322) Importer(815301076,1909f56bfc062723c751e8b465ee728b)
Start importing Packages/com.unity.2d.animation/Editor/Assets/SkinningModule/Icons/Light/Create_Vertex@2x.png using Guid(a0c33b3a6e0728343b29883d739f1322) Importer(815301076,1909f56bfc062723c751e8b465ee728b)  -> (artifact id: '3b018443284a007d36be29f12de1eb46') in 0.011080 seconds
  Import took 0.016032 seconds .

========================================================================
Received Import Request.
  Time since last request: 0.000624 seconds.
  path: Packages/com.unity.2d.animation/Editor/Assets/SkinningModule/Icons/Dark/d_Bone@3x.png
  artifactKey: Guid(fe145a004cb46de488885e70d26cade0) Importer(815301076,1909f56bfc062723c751e8b465ee728b)
Start importing Packages/com.unity.2d.animation/Editor/Assets/SkinningModule/Icons/Dark/d_Bone@3x.png using Guid(fe145a004cb46de488885e70d26cade0) Importer(815301076,1909f56bfc062723c751e8b465ee728b)  -> (artifact id: '45819f627401ec1e8afd3b4ad5a71cc3') in 0.013073 seconds
  Import took 0.018633 seconds .

========================================================================
Received Import Request.
  Time since last request: 0.000536 seconds.
  path: Packages/com.unity.2d.animation/Editor/Assets/SkinningModule/Icons/Light/Create Bones@2x.png
  artifactKey: Guid(03976b6af3289c0409a55e2c4eab4087) Importer(815301076,1909f56bfc062723c751e8b465ee728b)
Start importing Packages/com.unity.2d.animation/Editor/Assets/SkinningModule/Icons/Light/Create Bones@2x.png using Guid(03976b6af3289c0409a55e2c4eab4087) Importer(815301076,1909f56bfc062723c751e8b465ee728b)  -> (artifact id: '5a4b7a1ef4c692cc1a8271cfbfcbd02a') in 0.015886 seconds
  Import took 0.020209 seconds .

========================================================================
Received Import Request.
  Time since last request: 0.000526 seconds.
  path: Packages/com.unity.2d.animation/Editor/Assets/SkinningModule/Icons/Light/character_Mode.png
  artifactKey: Guid(d4d64a6cd9624c34a815dd79fb2a20a4) Importer(815301076,1909f56bfc062723c751e8b465ee728b)
Start importing Packages/com.unity.2d.animation/Editor/Assets/SkinningModule/Icons/Light/character_Mode.png using Guid(d4d64a6cd9624c34a815dd79fb2a20a4) Importer(815301076,1909f56bfc062723c751e8b465ee728b)  -> (artifact id: '35935c181f9968239ab9275e6bcebb2b') in 0.012872 seconds
  Import took 0.017145 seconds .

========================================================================
Received Import Request.
  Time since last request: 0.000642 seconds.
  path: Packages/com.unity.2d.animation/Editor/Assets/SkinningModule/Icons/Dark/d_Bone@2x.png
  artifactKey: Guid(17d971605cfbaea47b0d10b0b5dbc406) Importer(815301076,1909f56bfc062723c751e8b465ee728b)
Start importing Packages/com.unity.2d.animation/Editor/Assets/SkinningModule/Icons/Dark/d_Bone@2x.png using Guid(17d971605cfbaea47b0d10b0b5dbc406) Importer(815301076,1909f56bfc062723c751e8b465ee728b)  -> (artifact id: '8d20e5e9a449e8bd57c636698bd29d99') in 0.013717 seconds
  Import took 0.018952 seconds .

========================================================================
Received Import Request.
  Time since last request: 0.000540 seconds.
  path: Packages/com.unity.2d.animation/Editor/Assets/SkinningModule/Icons/Selected/d_Bone@3x.png
  artifactKey: Guid(443d05f2a4ae81a4297ac8ec762644c3) Importer(815301076,1909f56bfc062723c751e8b465ee728b)
Start importing Packages/com.unity.2d.animation/Editor/Assets/SkinningModule/Icons/Selected/d_Bone@3x.png using Guid(443d05f2a4ae81a4297ac8ec762644c3) Importer(815301076,1909f56bfc062723c751e8b465ee728b)  -> (artifact id: '146c78731269e19dc728c2dd102a5214') in 0.010564 seconds
  Import took 0.014357 seconds .

========================================================================
Received Import Request.
  Time since last request: 0.000432 seconds.
  path: Packages/com.unity.2d.animation/Editor/Assets/SkinningModule/Icons/Selected/d_Bone@4x.png
  artifactKey: Guid(1bb69cd91685d9248a58b144052746f3) Importer(815301076,1909f56bfc062723c751e8b465ee728b)
Start importing Packages/com.unity.2d.animation/Editor/Assets/SkinningModule/Icons/Selected/d_Bone@4x.png using Guid(1bb69cd91685d9248a58b144052746f3) Importer(815301076,1909f56bfc062723c751e8b465ee728b)  -> (artifact id: '79622b2baa7b0b8cd8844fdc92536c2e') in 0.010386 seconds
  Import took 0.013929 seconds .

========================================================================
Received Import Request.
  Time since last request: 0.000410 seconds.
  path: Packages/com.unity.2d.animation/Editor/Assets/SkinningModule/Icons/Selected/Create_Edge.png
  artifactKey: Guid(ad7b296d426713b4593ee1a19fcbf9d1) Importer(815301076,1909f56bfc062723c751e8b465ee728b)
Start importing Packages/com.unity.2d.animation/Editor/Assets/SkinningModule/Icons/Selected/Create_Edge.png using Guid(ad7b296d426713b4593ee1a19fcbf9d1) Importer(815301076,1909f56bfc062723c751e8b465ee728b)  -> (artifact id: '3c1dcc8e5c7169737e2c6f606e426556') in 0.011814 seconds
  Import took 0.015556 seconds .

========================================================================
Received Import Request.
  Time since last request: 0.000496 seconds.
  path: Packages/com.unity.2d.animation/Editor/Assets/SkinningModule/Icons/Light/Copy@4x.png
  artifactKey: Guid(5430b5412bcac5b4986be0a875a5e978) Importer(815301076,1909f56bfc062723c751e8b465ee728b)
Start importing Packages/com.unity.2d.animation/Editor/Assets/SkinningModule/Icons/Light/Copy@4x.png using Guid(5430b5412bcac5b4986be0a875a5e978) Importer(815301076,1909f56bfc062723c751e8b465ee728b)  -> (artifact id: 'fc2032ecf2bbb75c0a7bb05f6e208ead') in 0.014411 seconds
  Import took 0.018930 seconds .

========================================================================
Received Import Request.
  Time since last request: 0.000681 seconds.
  path: Packages/com.unity.2d.animation/Editor/Assets/SkinningModule/Icons/Selected/Create_Vertex.png
  artifactKey: Guid(e7ddb9213511d984f8b951a7c913d83a) Importer(815301076,1909f56bfc062723c751e8b465ee728b)
Start importing Packages/com.unity.2d.animation/Editor/Assets/SkinningModule/Icons/Selected/Create_Vertex.png using Guid(e7ddb9213511d984f8b951a7c913d83a) Importer(815301076,1909f56bfc062723c751e8b465ee728b)  -> (artifact id: 'b0325154673da867d7375a9aa8d99d3d') in 0.012091 seconds
  Import took 0.015852 seconds .

========================================================================
Received Import Request.
  Time since last request: 0.000430 seconds.
  path: Packages/com.unity.2d.animation/Editor/Assets/SkinningModule/Icons/Selected/Create_Vertex@2x.png
  artifactKey: Guid(8afb57fea8c4eea4a8085e91c810380b) Importer(815301076,1909f56bfc062723c751e8b465ee728b)
Start importing Packages/com.unity.2d.animation/Editor/Assets/SkinningModule/Icons/Selected/Create_Vertex@2x.png using Guid(8afb57fea8c4eea4a8085e91c810380b) Importer(815301076,1909f56bfc062723c751e8b465ee728b)  -> (artifact id: '4ce4eb051c0077ad0ffe6de5bc6705f0') in 0.010983 seconds
  Import took 0.015297 seconds .

========================================================================
Received Import Request.
  Time since last request: 0.000574 seconds.
  path: Packages/com.unity.2d.animation/Editor/Assets/SkinningModule/Icons/Dark/d_Bone_Influence.png
  artifactKey: Guid(c037c4c58e8d8c34ca9bf121abb7ee49) Importer(815301076,1909f56bfc062723c751e8b465ee728b)
Start importing Packages/com.unity.2d.animation/Editor/Assets/SkinningModule/Icons/Dark/d_Bone_Influence.png using Guid(c037c4c58e8d8c34ca9bf121abb7ee49) Importer(815301076,1909f56bfc062723c751e8b465ee728b)  -> (artifact id: '5d1afb78e812a3b52c201c545de376eb') in 0.013305 seconds
  Import took 0.018427 seconds .

========================================================================
Received Import Request.
  Time since last request: 0.000558 seconds.
  path: Packages/com.unity.2d.animation/Editor/Assets/SkinningModule/Icons/Light/Create_Vertex@4x.png
  artifactKey: Guid(e6a6624ab013b8e44beddfa2668afb65) Importer(815301076,1909f56bfc062723c751e8b465ee728b)
Start importing Packages/com.unity.2d.animation/Editor/Assets/SkinningModule/Icons/Light/Create_Vertex@4x.png using Guid(e6a6624ab013b8e44beddfa2668afb65) Importer(815301076,1909f56bfc062723c751e8b465ee728b)  -> (artifact id: '9b78f648ac14c5fa815b305615c16f67') in 0.012707 seconds
  Import took 0.017093 seconds .

========================================================================
Received Import Request.
  Time since last request: 0.000502 seconds.
  path: Packages/com.unity.2d.animation/Editor/Assets/SkinningModule/Icons/Dark/d_character_Mode.png
  artifactKey: Guid(a33833072bf90f34c856623b67d0e897) Importer(815301076,1909f56bfc062723c751e8b465ee728b)
Start importing Packages/com.unity.2d.animation/Editor/Assets/SkinningModule/Icons/Dark/d_character_Mode.png using Guid(a33833072bf90f34c856623b67d0e897) Importer(815301076,1909f56bfc062723c751e8b465ee728b)  -> (artifact id: 'c0906f17018cf1fa4f77d52e6e51e9db') in 0.012846 seconds
  Import took 0.016914 seconds .

========================================================================
Received Import Request.
  Time since last request: 0.000513 seconds.
  path: Packages/com.unity.2d.sprite/Editor/ObjectMenuCreation/DefaultAssets/Textures/Capsule.png
  artifactKey: Guid(bd3cb4af8406d4436a2ae8c2aafe1f8d) Importer(815301076,1909f56bfc062723c751e8b465ee728b)
Start importing Packages/com.unity.2d.sprite/Editor/ObjectMenuCreation/DefaultAssets/Textures/Capsule.png using Guid(bd3cb4af8406d4436a2ae8c2aafe1f8d) Importer(815301076,1909f56bfc062723c751e8b465ee728b)  -> (artifact id: '1e381b557252d6515acb9e2f8ea51129') in 0.013272 seconds
  Import took 0.018635 seconds .

========================================================================
Received Import Request.
  Time since last request: 0.000548 seconds.
  path: Packages/com.unity.2d.animation/Editor/Assets/SkinningModule/Icons/Selected/Bone_Influence@2x.png
  artifactKey: Guid(0779ad3feec52124e97114bcbb12ef13) Importer(815301076,1909f56bfc062723c751e8b465ee728b)
Start importing Packages/com.unity.2d.animation/Editor/Assets/SkinningModule/Icons/Selected/Bone_Influence@2x.png using Guid(0779ad3feec52124e97114bcbb12ef13) Importer(815301076,1909f56bfc062723c751e8b465ee728b)  -> (artifact id: '8fe3072c6e92a3d3a5c210a49c76fe0f') in 0.012654 seconds
  Import took 0.018786 seconds .

========================================================================
Received Import Request.
  Time since last request: 0.000684 seconds.
  path: Packages/com.unity.2d.animation/Editor/Assets/SkinningModule/Icons/Selected/Copy@3x.png
  artifactKey: Guid(bb51334c6930f864abac38001f7bdf6e) Importer(815301076,1909f56bfc062723c751e8b465ee728b)
Start importing Packages/com.unity.2d.animation/Editor/Assets/SkinningModule/Icons/Selected/Copy@3x.png using Guid(bb51334c6930f864abac38001f7bdf6e) Importer(815301076,1909f56bfc062723c751e8b465ee728b)  -> (artifact id: '590ea4e49a26c143ee24e08d7eaecf4b') in 0.012527 seconds
  Import took 0.016821 seconds .

========================================================================
Received Import Request.
  Time since last request: 0.000559 seconds.
  path: Packages/com.unity.2d.animation/Editor/Assets/SkinningModule/Icons/Selected/character_Mode@2x.png
  artifactKey: Guid(5d52b20f865aff242bfcb08c3b6f61a5) Importer(815301076,1909f56bfc062723c751e8b465ee728b)
Start importing Packages/com.unity.2d.animation/Editor/Assets/SkinningModule/Icons/Selected/character_Mode@2x.png using Guid(5d52b20f865aff242bfcb08c3b6f61a5) Importer(815301076,1909f56bfc062723c751e8b465ee728b)  -> (artifact id: '23621117f272c20687dafa43669958d4') in 0.019581 seconds
  Import took 0.026169 seconds .

========================================================================
Received Import Request.
  Time since last request: 0.000998 seconds.
  path: Packages/com.unity.2d.sprite/Editor/ObjectMenuCreation/DefaultAssets/Textures/CircleMask.png
  artifactKey: Guid(87aaca0a643d54397ba969dab4fc8875) Importer(815301076,1909f56bfc062723c751e8b465ee728b)
Start importing Packages/com.unity.2d.sprite/Editor/ObjectMenuCreation/DefaultAssets/Textures/CircleMask.png using Guid(87aaca0a643d54397ba969dab4fc8875) Importer(815301076,1909f56bfc062723c751e8b465ee728b)  -> (artifact id: '86383927e2cda1145272c6070258a668') in 0.025549 seconds
  Import took 0.035504 seconds .

========================================================================
Received Import Request.
  Time since last request: 0.001105 seconds.
  path: Packages/com.unity.2d.animation/Editor/Assets/SkinningModule/Icons/Light/Create Bones@4x.png
  artifactKey: Guid(f618c5fe13b18994aa5aee8b97d8dca1) Importer(815301076,1909f56bfc062723c751e8b465ee728b)
Start importing Packages/com.unity.2d.animation/Editor/Assets/SkinningModule/Icons/Light/Create Bones@4x.png using Guid(f618c5fe13b18994aa5aee8b97d8dca1) Importer(815301076,1909f56bfc062723c751e8b465ee728b)  -> (artifact id: '87b14bc1f1443df0df748a8bb4ae9b70') in 0.023613 seconds
  Import took 0.033094 seconds .

========================================================================
Received Import Request.
  Time since last request: 0.001139 seconds.
  path: Packages/com.unity.2d.animation/Editor/Assets/SkinningModule/Icons/Selected/Create_Edge@3x.png
  artifactKey: Guid(374643871a39dd44880f1c0eff14f46c) Importer(815301076,1909f56bfc062723c751e8b465ee728b)
Start importing Packages/com.unity.2d.animation/Editor/Assets/SkinningModule/Icons/Selected/Create_Edge@3x.png using Guid(374643871a39dd44880f1c0eff14f46c) Importer(815301076,1909f56bfc062723c751e8b465ee728b)  -> (artifact id: '2c97f46686e595d82923b2c868dca186') in 0.024556 seconds
  Import took 0.033626 seconds .

========================================================================
Received Import Request.
  Time since last request: 0.001021 seconds.
  path: Packages/com.unity.2d.animation/Editor/Assets/SkinningModule/Icons/Selected/Create_Edge@2x.png
  artifactKey: Guid(e5da66fa63839274dbffb877e43e888b) Importer(815301076,1909f56bfc062723c751e8b465ee728b)
Start importing Packages/com.unity.2d.animation/Editor/Assets/SkinningModule/Icons/Selected/Create_Edge@2x.png using Guid(e5da66fa63839274dbffb877e43e888b) Importer(815301076,1909f56bfc062723c751e8b465ee728b)  -> (artifact id: '7cb6f8e3b8a878dd81f87194ef35924b') in 0.022534 seconds
  Import took 0.029648 seconds .

========================================================================
Received Import Request.
  Time since last request: 0.000687 seconds.
  path: Packages/com.unity.2d.animation/Editor/Assets/SkinningModule/Icons/Light/character_Mode@3x.png
  artifactKey: Guid(17fa84703485d314b8d6b5216987d4b1) Importer(815301076,1909f56bfc062723c751e8b465ee728b)
Start importing Packages/com.unity.2d.animation/Editor/Assets/SkinningModule/Icons/Light/character_Mode@3x.png using Guid(17fa84703485d314b8d6b5216987d4b1) Importer(815301076,1909f56bfc062723c751e8b465ee728b)  -> (artifact id: '6df1f2674a06d1febb3abd3319c392c0') in 0.015285 seconds
  Import took 0.020603 seconds .

========================================================================
Received Import Request.
  Time since last request: 0.000655 seconds.
  path: Packages/com.unity.2d.animation/Editor/Assets/SkinningModule/Icons/Light/Create_Edge@2x.png
  artifactKey: Guid(3b4e88f5705085042a95960cdcef2561) Importer(815301076,1909f56bfc062723c751e8b465ee728b)
Start importing Packages/com.unity.2d.animation/Editor/Assets/SkinningModule/Icons/Light/Create_Edge@2x.png using Guid(3b4e88f5705085042a95960cdcef2561) Importer(815301076,1909f56bfc062723c751e8b465ee728b)  -> (artifact id: '70b8372255c405ba22c6dd1bf298c1af') in 0.015582 seconds
  Import took 0.020954 seconds .

========================================================================
Received Import Request.
  Time since last request: 0.000708 seconds.
  path: Packages/com.unity.2d.sprite/Editor/ObjectMenuCreation/DefaultAssets/Textures/Circle.png
  artifactKey: Guid(ebe73ca9363db456bacf42c025bb4847) Importer(815301076,1909f56bfc062723c751e8b465ee728b)
Start importing Packages/com.unity.2d.sprite/Editor/ObjectMenuCreation/DefaultAssets/Textures/Circle.png using Guid(ebe73ca9363db456bacf42c025bb4847) Importer(815301076,1909f56bfc062723c751e8b465ee728b)  -> (artifact id: '54d4ae93b0883917427c726d1e35bfb0') in 0.015983 seconds
  Import took 0.022200 seconds .

========================================================================
Received Import Request.
  Time since last request: 0.000746 seconds.
  path: Packages/com.unity.2d.animation/Editor/Assets/SkinningModule/Icons/Dark/d_Bone_Influence@2x.png
  artifactKey: Guid(045a46ed7fd32804eb02dc411be96859) Importer(815301076,1909f56bfc062723c751e8b465ee728b)
Start importing Packages/com.unity.2d.animation/Editor/Assets/SkinningModule/Icons/Dark/d_Bone_Influence@2x.png using Guid(045a46ed7fd32804eb02dc411be96859) Importer(815301076,1909f56bfc062723c751e8b465ee728b)  -> (artifact id: '0adfabd5c2bfa0aa7331182bc234387c') in 0.016710 seconds
  Import took 0.022212 seconds .

========================================================================
Received Import Request.
  Time since last request: 0.000738 seconds.
  path: Packages/com.unity.2d.animation/Editor/Assets/SkinningModule/Icons/Light/Bone_Influence@3x.png
  artifactKey: Guid(cee9dbe90b270c944ae1dabf41c93b10) Importer(815301076,1909f56bfc062723c751e8b465ee728b)
Start importing Packages/com.unity.2d.animation/Editor/Assets/SkinningModule/Icons/Light/Bone_Influence@3x.png using Guid(cee9dbe90b270c944ae1dabf41c93b10) Importer(815301076,1909f56bfc062723c751e8b465ee728b)  -> (artifact id: '7e30a39114535388944881f148abd8d2') in 0.016682 seconds
  Import took 0.023373 seconds .

========================================================================
Received Import Request.
  Time since last request: 0.000885 seconds.
  path: Packages/com.unity.2d.animation/Editor/Assets/SkinningModule/Icons/Selected/character_Mode.png
  artifactKey: Guid(e60718119cec31e4190849292fcde068) Importer(815301076,1909f56bfc062723c751e8b465ee728b)
Start importing Packages/com.unity.2d.animation/Editor/Assets/SkinningModule/Icons/Selected/character_Mode.png using Guid(e60718119cec31e4190849292fcde068) Importer(815301076,1909f56bfc062723c751e8b465ee728b)  -> (artifact id: '6a14933fe8943b64080b9e65439994b4') in 0.015258 seconds
  Import took 0.021173 seconds .

========================================================================
Received Import Request.
  Time since last request: 0.000638 seconds.
  path: Packages/com.unity.2d.animation/Editor/Assets/SkinningModule/Icons/Dark/d_Bone.png
  artifactKey: Guid(fc2eaf4b0441b7645960252182c27446) Importer(815301076,1909f56bfc062723c751e8b465ee728b)
Start importing Packages/com.unity.2d.animation/Editor/Assets/SkinningModule/Icons/Dark/d_Bone.png using Guid(fc2eaf4b0441b7645960252182c27446) Importer(815301076,1909f56bfc062723c751e8b465ee728b)  -> (artifact id: 'd5a68386988419fcf174fa743d56a056') in 0.015384 seconds
  Import took 0.020798 seconds .

========================================================================
Received Import Request.
  Time since last request: 0.000654 seconds.
  path: Packages/com.unity.2d.animation/Editor/Assets/SkinningModule/Icons/Dark/d_Bone@4x.png
  artifactKey: Guid(246d7c7c8e9e6cf43893ae13c5a81bdf) Importer(815301076,1909f56bfc062723c751e8b465ee728b)
Start importing Packages/com.unity.2d.animation/Editor/Assets/SkinningModule/Icons/Dark/d_Bone@4x.png using Guid(246d7c7c8e9e6cf43893ae13c5a81bdf) Importer(815301076,1909f56bfc062723c751e8b465ee728b)  -> (artifact id: '819c5b4d474aeb7e67017c2c71da9edf') in 0.015926 seconds
  Import took 0.021030 seconds .

========================================================================
Received Import Request.
  Time since last request: 0.000660 seconds.
  path: Packages/com.unity.2d.animation/Editor/Assets/SkinningModule/Icons/Light/Create_Vertex@3x.png
  artifactKey: Guid(66fa19194577350438c952106f661c2f) Importer(815301076,1909f56bfc062723c751e8b465ee728b)
Start importing Packages/com.unity.2d.animation/Editor/Assets/SkinningModule/Icons/Light/Create_Vertex@3x.png using Guid(66fa19194577350438c952106f661c2f) Importer(815301076,1909f56bfc062723c751e8b465ee728b)  -> (artifact id: 'd07810857040088b4041929f84be1e7d') in 0.015133 seconds
  Import took 0.022500 seconds .

========================================================================
Received Import Request.
  Time since last request: 0.000709 seconds.
  path: Packages/com.unity.2d.animation/Editor/Assets/SkinningModule/Icons/Light/Create Bones.png
  artifactKey: Guid(0e5ae7fe3a07e88429a3e90897c6ab82) Importer(815301076,1909f56bfc062723c751e8b465ee728b)
Start importing Packages/com.unity.2d.animation/Editor/Assets/SkinningModule/Icons/Light/Create Bones.png using Guid(0e5ae7fe3a07e88429a3e90897c6ab82) Importer(815301076,1909f56bfc062723c751e8b465ee728b)  -> (artifact id: 'f6a580f28a47e29bc41da5c03bb2609d') in 0.015863 seconds
  Import took 0.023041 seconds .

========================================================================
Received Import Request.
  Time since last request: 0.000672 seconds.
  path: Packages/com.unity.2d.animation/Editor/Assets/SkinningModule/Icons/Light/Copy@3x.png
  artifactKey: Guid(55ad4b6109677be42b239f450ce98c29) Importer(815301076,1909f56bfc062723c751e8b465ee728b)
Start importing Packages/com.unity.2d.animation/Editor/Assets/SkinningModule/Icons/Light/Copy@3x.png using Guid(55ad4b6109677be42b239f450ce98c29) Importer(815301076,1909f56bfc062723c751e8b465ee728b)  -> (artifact id: '9f79b160d4874cccf3855127dd38bac6') in 0.014973 seconds
  Import took 0.021249 seconds .

========================================================================
Received Import Request.
  Time since last request: 0.000927 seconds.
  path: Packages/com.unity.2d.sprite/Editor/ObjectMenuCreation/DefaultAssets/Textures/CapsuleWithBorder.png
  artifactKey: Guid(34587324d412940a79d530020c957dc0) Importer(815301076,1909f56bfc062723c751e8b465ee728b)
Start importing Packages/com.unity.2d.sprite/Editor/ObjectMenuCreation/DefaultAssets/Textures/CapsuleWithBorder.png using Guid(34587324d412940a79d530020c957dc0) Importer(815301076,1909f56bfc062723c751e8b465ee728b)  -> (artifact id: '1199839b4a32192367752b1bc40090f6') in 0.015600 seconds
  Import took 0.020947 seconds .

========================================================================
Received Import Request.
  Time since last request: 0.000732 seconds.
  path: Packages/com.unity.2d.animation/Editor/Assets/SkinningModule/Icons/Selected/Create_Edge@4x.png
  artifactKey: Guid(3458c119c69e9bc4f9647599c2901dee) Importer(815301076,1909f56bfc062723c751e8b465ee728b)
Start importing Packages/com.unity.2d.animation/Editor/Assets/SkinningModule/Icons/Selected/Create_Edge@4x.png using Guid(3458c119c69e9bc4f9647599c2901dee) Importer(815301076,1909f56bfc062723c751e8b465ee728b)  -> (artifact id: '2aa48cb06ec740ea3780787b6c85a1e9') in 0.015428 seconds
  Import took 0.021123 seconds .

========================================================================
Received Import Request.
  Time since last request: 0.000671 seconds.
  path: Packages/com.unity.2d.animation/Editor/Assets/SkinningModule/Icons/Light/character_Mode@4x.png
  artifactKey: Guid(748ae8b33df036b46a86e0387f1602cf) Importer(815301076,1909f56bfc062723c751e8b465ee728b)
Start importing Packages/com.unity.2d.animation/Editor/Assets/SkinningModule/Icons/Light/character_Mode@4x.png using Guid(748ae8b33df036b46a86e0387f1602cf) Importer(815301076,1909f56bfc062723c751e8b465ee728b)  -> (artifact id: '002ceb6cdca9cddf16b3af4bd7db0978') in 0.015171 seconds
  Import took 0.021360 seconds .

========================================================================
Received Import Request.
  Time since last request: 0.000717 seconds.
  path: Packages/com.unity.2d.animation/Editor/Assets/SkinningModule/Icons/Selected/Copy@2x.png
  artifactKey: Guid(6cc5103edc9f0dd4f80e8274c73dfeac) Importer(815301076,1909f56bfc062723c751e8b465ee728b)
Start importing Packages/com.unity.2d.animation/Editor/Assets/SkinningModule/Icons/Selected/Copy@2x.png using Guid(6cc5103edc9f0dd4f80e8274c73dfeac) Importer(815301076,1909f56bfc062723c751e8b465ee728b)  -> (artifact id: 'de77d6259139fcf12f72e2aa380d7442') in 0.017756 seconds
  Import took 0.023350 seconds .

========================================================================
Received Import Request.
  Time since last request: 0.000695 seconds.
  path: Packages/com.unity.2d.animation/Editor/Assets/SkinningModule/Icons/Light/Copy@2x.png
  artifactKey: Guid(2e0cf451cb3d56742aad87ea75993209) Importer(815301076,1909f56bfc062723c751e8b465ee728b)
Start importing Packages/com.unity.2d.animation/Editor/Assets/SkinningModule/Icons/Light/Copy@2x.png using Guid(2e0cf451cb3d56742aad87ea75993209) Importer(815301076,1909f56bfc062723c751e8b465ee728b)  -> (artifact id: 'c0abb7262746c632010585ddf47c2ede') in 0.016016 seconds
  Import took 0.021626 seconds .

========================================================================
Received Import Request.
  Time since last request: 0.000763 seconds.
  path: Packages/com.unity.2d.animation/Editor/Assets/SkinningModule/Icons/Selected/d_Bone@2x.png
  artifactKey: Guid(24cf210708c57674b894af3341b1738b) Importer(815301076,1909f56bfc062723c751e8b465ee728b)
Start importing Packages/com.unity.2d.animation/Editor/Assets/SkinningModule/Icons/Selected/d_Bone@2x.png using Guid(24cf210708c57674b894af3341b1738b) Importer(815301076,1909f56bfc062723c751e8b465ee728b)  -> (artifact id: '18864eb0540447ea23d6d7f1f981ee56') in 0.014712 seconds
  Import took 0.021956 seconds .

========================================================================
Received Import Request.
  Time since last request: 0.000733 seconds.
  path: Packages/com.unity.2d.animation/Editor/Assets/SkinningModule/Icons/Selected/Create Bones@2x.png
  artifactKey: Guid(5b7f664b515582d458717c354f6be292) Importer(815301076,1909f56bfc062723c751e8b465ee728b)
Start importing Packages/com.unity.2d.animation/Editor/Assets/SkinningModule/Icons/Selected/Create Bones@2x.png using Guid(5b7f664b515582d458717c354f6be292) Importer(815301076,1909f56bfc062723c751e8b465ee728b)  -> (artifact id: 'a6ce3599c096eb5e2eee06f831ce8580') in 0.016288 seconds
  Import took 0.023663 seconds .

========================================================================
Received Import Request.
  Time since last request: 0.000694 seconds.
  path: Packages/com.unity.2d.animation/Editor/Assets/SkinningModule/Icons/Light/Create_Edge@3x.png
  artifactKey: Guid(0da63bf69e254aa4a83c345c3de497c8) Importer(815301076,1909f56bfc062723c751e8b465ee728b)
Start importing Packages/com.unity.2d.animation/Editor/Assets/SkinningModule/Icons/Light/Create_Edge@3x.png using Guid(0da63bf69e254aa4a83c345c3de497c8) Importer(815301076,1909f56bfc062723c751e8b465ee728b)  -> (artifact id: '0153cf6eb9f103e9da6f0766420d4779') in 0.028166 seconds
  Import took 0.041771 seconds .

========================================================================
Received Import Request.
  Time since last request: 0.018800 seconds.
  path: Packages/com.unity.2d.animation/Editor/Assets/SkinningModule/Icons/Selected/Create Bones@2x.png
  artifactKey: Guid(5b7f664b515582d458717c354f6be292) Importer(815301076,1909f56bfc062723c751e8b465ee728b)
Start importing Packages/com.unity.2d.animation/Editor/Assets/SkinningModule/Icons/Selected/Create Bones@2x.png using Guid(5b7f664b515582d458717c354f6be292) Importer(815301076,1909f56bfc062723c751e8b465ee728b)  -> (artifact id: 'a6ce3599c096eb5e2eee06f831ce8580') in 0.026025 seconds
  Import took 0.035417 seconds .

========================================================================
Received Import Request.
  Time since last request: 102.135113 seconds.
  path: Assets/Art/Enemigo 1/enemigo 1-Sheet.png
  artifactKey: Guid(d67d57897283a1f4bb549e16054b6ef6) Importer(815301076,1909f56bfc062723c751e8b465ee728b)
Start importing Assets/Art/Enemigo 1/enemigo 1-Sheet.png using Guid(d67d57897283a1f4bb549e16054b6ef6) Importer(815301076,1909f56bfc062723c751e8b465ee728b)  -> (artifact id: '637870720549795fe6639ddf98f98cf0') in 0.028552 seconds
  Import took 0.037654 seconds .

========================================================================
Received Import Request.
  Time since last request: 0.014404 seconds.
  path: Assets/Art/Enemigo 1/enemigo 1-Sheet.png
  artifactKey: Guid(d67d57897283a1f4bb549e16054b6ef6) Importer(815301076,1909f56bfc062723c751e8b465ee728b)
Start importing Assets/Art/Enemigo 1/enemigo 1-Sheet.png using Guid(d67d57897283a1f4bb549e16054b6ef6) Importer(815301076,1909f56bfc062723c751e8b465ee728b)  -> (artifact id: '637870720549795fe6639ddf98f98cf0') in 0.026036 seconds
  Import took 0.033540 seconds .

========================================================================
Received Import Request.
  Time since last request: 6.477349 seconds.
  path: Assets/Art/Enemigo 1/enemigo 1-Sheet.png
  artifactKey: Guid(d67d57897283a1f4bb549e16054b6ef6) Importer(815301076,1909f56bfc062723c751e8b465ee728b)
Start importing Assets/Art/Enemigo 1/enemigo 1-Sheet.png using Guid(d67d57897283a1f4bb549e16054b6ef6) Importer(815301076,1909f56bfc062723c751e8b465ee728b)  -> (artifact id: '8c2a08e8404dd794edab04df88bc497a') in 0.014783 seconds
  Import took 0.019020 seconds .

========================================================================
Received Import Request.
  Time since last request: 0.011512 seconds.
  path: Assets/Art/Enemigo 1/enemigo 1-Sheet.png
  artifactKey: Guid(d67d57897283a1f4bb549e16054b6ef6) Importer(815301076,1909f56bfc062723c751e8b465ee728b)
Start importing Assets/Art/Enemigo 1/enemigo 1-Sheet.png using Guid(d67d57897283a1f4bb549e16054b6ef6) Importer(815301076,1909f56bfc062723c751e8b465ee728b)  -> (artifact id: '8c2a08e8404dd794edab04df88bc497a') in 0.015774 seconds
  Import took 0.020774 seconds .

========================================================================
Received Import Request.
  Time since last request: 42.590513 seconds.
  path: Assets/Art/Personaje principal
  artifactKey: Guid(d231c6acdbd00d94387cfb22228a37e8) Importer(815301076,1909f56bfc062723c751e8b465ee728b)
Start importing Assets/Art/Personaje principal using Guid(d231c6acdbd00d94387cfb22228a37e8) Importer(815301076,1909f56bfc062723c751e8b465ee728b)  -> (artifact id: '8218e14b3e5849e4623aa478f44cf5eb') in 0.004380 seconds
  Import took 0.008591 seconds .

========================================================================
Received Import Request.
  Time since last request: 1.020608 seconds.
  path: Assets/Art/Personaje principal/carro.aseprite
  artifactKey: Guid(2a4674d1201ea4b468376eb58c71bdc7) Importer(815301076,1909f56bfc062723c751e8b465ee728b)
Start importing Assets/Art/Personaje principal/carro.aseprite using Guid(2a4674d1201ea4b468376eb58c71bdc7) Importer(815301076,1909f56bfc062723c751e8b465ee728b)  -> (artifact id: '259a176d1af9c0146fe76627978a2618') in 0.011002 seconds
  Import took 0.018386 seconds .

========================================================================
Received Import Request.
  Time since last request: 0.507876 seconds.
  path: Assets/Art/Personaje principal/enemigo 1.aseprite
  artifactKey: Guid(9075d29b45636e54181ca164ad350891) Importer(815301076,1909f56bfc062723c751e8b465ee728b)
Start importing Assets/Art/Personaje principal/enemigo 1.aseprite using Guid(9075d29b45636e54181ca164ad350891) Importer(815301076,1909f56bfc062723c751e8b465ee728b)  -> (artifact id: 'dad21ee0ad152b8501c53762773af059') in 0.004750 seconds
  Import took 0.009267 seconds .

========================================================================
Received Import Request.
  Time since last request: 0.594185 seconds.
  path: Assets/Art/Personaje principal/enemigo 2.aseprite
  artifactKey: Guid(e79b1ae3c4ee95642bcf65e03acd8198) Importer(815301076,1909f56bfc062723c751e8b465ee728b)
Start importing Assets/Art/Personaje principal/enemigo 2.aseprite using Guid(e79b1ae3c4ee95642bcf65e03acd8198) Importer(815301076,1909f56bfc062723c751e8b465ee728b)  -> (artifact id: '9fe094974403ba4658b281a19d58a1a2') in 0.004956 seconds
  Import took 0.009889 seconds .

========================================================================
Received Import Request.
  Time since last request: 0.406094 seconds.
  path: Assets/Art/Personaje principal/personaje principal.aseprite
  artifactKey: Guid(0a211de22061f11458bdd5e45c41e48a) Importer(815301076,1909f56bfc062723c751e8b465ee728b)
Start importing Assets/Art/Personaje principal/personaje principal.aseprite using Guid(0a211de22061f11458bdd5e45c41e48a) Importer(815301076,1909f56bfc062723c751e8b465ee728b)  -> (artifact id: '2029d80df4d0d307ba3d264a9d5c57b5') in 0.004968 seconds
  Import took 0.010177 seconds .

========================================================================
Received Import Request.
  Time since last request: 0.707358 seconds.
  path: Assets/Art/Personaje principal/fondo.aseprite
  artifactKey: Guid(886d9c2919344f04db05a74ea3a51bab) Importer(815301076,1909f56bfc062723c751e8b465ee728b)
Start importing Assets/Art/Personaje principal/fondo.aseprite using Guid(886d9c2919344f04db05a74ea3a51bab) Importer(815301076,1909f56bfc062723c751e8b465ee728b)  -> (artifact id: 'ff7c173ceb46588375b9f55cd809d4cf') in 0.004082 seconds
  Import took 0.008697 seconds .

========================================================================
Received Import Request.
  Time since last request: 97.739294 seconds.
  path: Assets/Prefabs/Enemy.prefab
  artifactKey: Guid(66c58cf42e7b90b4a82faac0374a4629) Importer(815301076,1909f56bfc062723c751e8b465ee728b)
Start importing Assets/Prefabs/Enemy.prefab using Guid(66c58cf42e7b90b4a82faac0374a4629) Importer(815301076,1909f56bfc062723c751e8b465ee728b)  -> (artifact id: '8654a037ae62ba1d5583d63cd6fea156') in 0.106907 seconds
  Import took 0.114625 seconds .

========================================================================
Received Import Request.
  Time since last request: 8.923490 seconds.
  path: Assets/Prefabs/Zone.prefab
  artifactKey: Guid(641e9196d5e45e747b1ec6e88b7bf3b5) Importer(815301076,1909f56bfc062723c751e8b465ee728b)
Start importing Assets/Prefabs/Zone.prefab using Guid(641e9196d5e45e747b1ec6e88b7bf3b5) Importer(815301076,1909f56bfc062723c751e8b465ee728b)  -> (artifact id: '051e237621adc065bf3d6cab427d965b') in 0.016329 seconds
  Import took 0.021276 seconds .

========================================================================
Received Import Request.
  Time since last request: 19.158318 seconds.
  path: Assets/Prefabs/Enemy 1.prefab
  artifactKey: Guid(d13f5d4df7b5e2745a007008e9ab283a) Importer(815301076,1909f56bfc062723c751e8b465ee728b)
Start importing Assets/Prefabs/Enemy 1.prefab using Guid(d13f5d4df7b5e2745a007008e9ab283a) Importer(815301076,1909f56bfc062723c751e8b465ee728b)  -> (artifact id: '963519c22cfca07aa31ac271a7283d7a') in 0.011671 seconds
  Import took 0.016532 seconds .

========================================================================
Received Import Request.
  Time since last request: 0.004837 seconds.
  path: Assets/Prefabs/Enemy 1.prefab
  artifactKey: Guid(d13f5d4df7b5e2745a007008e9ab283a) Importer(815301076,1909f56bfc062723c751e8b465ee728b)
Start importing Assets/Prefabs/Enemy 1.prefab using Guid(d13f5d4df7b5e2745a007008e9ab283a) Importer(815301076,1909f56bfc062723c751e8b465ee728b)  -> (artifact id: '963519c22cfca07aa31ac271a7283d7a') in 0.013490 seconds
  Import took 0.021574 seconds .

========================================================================
Received Import Request.
  Time since last request: 4.463559 seconds.
  path: Assets/Prefabs/Enemy 2.prefab
  artifactKey: Guid(d13f5d4df7b5e2745a007008e9ab283a) Importer(815301076,1909f56bfc062723c751e8b465ee728b)
Start importing Assets/Prefabs/Enemy 2.prefab using Guid(d13f5d4df7b5e2745a007008e9ab283a) Importer(815301076,1909f56bfc062723c751e8b465ee728b)  -> (artifact id: 'df779d78eb97286ca71365fd181372b0') in 0.012349 seconds
  Import took 0.016853 seconds .

========================================================================
Received Import Request.
  Time since last request: 249.909765 seconds.
  path: Assets/Prefabs/Enemy 2.prefab
  artifactKey: Guid(d13f5d4df7b5e2745a007008e9ab283a) Importer(815301076,1909f56bfc062723c751e8b465ee728b)
Start importing Assets/Prefabs/Enemy 2.prefab using Guid(d13f5d4df7b5e2745a007008e9ab283a) Importer(815301076,1909f56bfc062723c751e8b465ee728b)  -> (artifact id: '41359e1249d6ad25a2c29cf8f216490f') in 0.018739 seconds
  Import took 0.026155 seconds .

========================================================================
Received Import Request.
  Time since last request: 1.399528 seconds.
  path: Assets/Prefabs/Enemy 2.prefab
  artifactKey: Guid(d13f5d4df7b5e2745a007008e9ab283a) Importer(815301076,1909f56bfc062723c751e8b465ee728b)
Start importing Assets/Prefabs/Enemy 2.prefab using Guid(d13f5d4df7b5e2745a007008e9ab283a) Importer(815301076,1909f56bfc062723c751e8b465ee728b)  -> (artifact id: '8c22757e91fdcaa990c53018f946debf') in 0.010568 seconds
  Import took 0.015985 seconds .

========================================================================
Received Import Request.
  Time since last request: 1.944089 seconds.
  path: Assets/Prefabs/Enemy 2.prefab
  artifactKey: Guid(d13f5d4df7b5e2745a007008e9ab283a) Importer(815301076,1909f56bfc062723c751e8b465ee728b)
Start importing Assets/Prefabs/Enemy 2.prefab using Guid(d13f5d4df7b5e2745a007008e9ab283a) Importer(815301076,1909f56bfc062723c751e8b465ee728b)  -> (artifact id: '2f8565cd21a1e48cbe5d096a2728800f') in 0.036015 seconds
  Import took 0.048849 seconds .

========================================================================
Received Import Request.
  Time since last request: 5.793571 seconds.
  path: Assets/Prefabs/Enemy 2.prefab
  artifactKey: Guid(d13f5d4df7b5e2745a007008e9ab283a) Importer(815301076,1909f56bfc062723c751e8b465ee728b)
Start importing Assets/Prefabs/Enemy 2.prefab using Guid(d13f5d4df7b5e2745a007008e9ab283a) Importer(815301076,1909f56bfc062723c751e8b465ee728b)  -> (artifact id: '4f7d53af2f3bb8d6efecd391132ef7dd') in 0.039755 seconds
  Import took 0.050958 seconds .

========================================================================
Received Import Request.
  Time since last request: 29.956643 seconds.
  path: Assets/Art/Enemigo 1/enemigo 1-Sheet.png
  artifactKey: Guid(d67d57897283a1f4bb549e16054b6ef6) Importer(815301076,1909f56bfc062723c751e8b465ee728b)
Start importing Assets/Art/Enemigo 1/enemigo 1-Sheet.png using Guid(d67d57897283a1f4bb549e16054b6ef6) Importer(815301076,1909f56bfc062723c751e8b465ee728b)  -> (artifact id: '7504e01f5d0ac41935da595e18fbcedb') in 0.037393 seconds
  Import took 0.049155 seconds .

========================================================================
Received Import Request.
  Time since last request: 5.600852 seconds.
  path: Assets/Art/Enemigo 1/enemigo 1-Sheet.png
  artifactKey: Guid(d67d57897283a1f4bb549e16054b6ef6) Importer(815301076,1909f56bfc062723c751e8b465ee728b)
Start importing Assets/Art/Enemigo 1/enemigo 1-Sheet.png using Guid(d67d57897283a1f4bb549e16054b6ef6) Importer(815301076,1909f56bfc062723c751e8b465ee728b)  -> (artifact id: '080e0a7fcbfa3f0c2f4eb21e03951b2f') in 0.043348 seconds
  Import took 0.054650 seconds .

========================================================================
Received Prepare
Registering precompiled user dll's ...
Registered in 0.001071 seconds.
Begin MonoManager ReloadAssembly
Native extension for WindowsStandalone target not found
Native extension for WebGL target not found
Refreshing native plugins compatible for Editor in 0.45 ms, found 1 plugins.
Preloading 0 native plugins for Editor in 0.00 ms.
Invoked RoslynAnalysisRunner static constructor.
RoslynAnalysisRunner will not be running.
RoslynAnalysisRunner has terminated.
Mono: successfully reloaded assembly
- Completed reload, in  1.492 seconds
Platform modules already initialized, skipping
Refreshing native plugins compatible for Editor in 1.88 ms, found 1 plugins.
Preloading 0 native plugins for Editor in 0.00 ms.
Unloading 1810 Unused Serialized files (Serialized files now loaded: 0)
System memory in use before: 88.5 MB.
System memory in use after: 88.5 MB.

Unloading 12 unused Assets to reduce memory usage. Loaded Objects now: 2285.
Total: 4.005400 ms (FindLiveObjects: 0.313100 ms CreateObjectMapping: 0.142900 ms MarkObjects: 3.332800 ms  DeleteObjects: 0.214800 ms)

========================================================================
Received Import Request.
  Time since last request: 720.952562 seconds.
  path: Assets/Scripts/NewBehaviourScript.cs
  artifactKey: Guid(768e6ff5087af5d48a568899f548a778) Importer(815301076,1909f56bfc062723c751e8b465ee728b)
Start importing Assets/Scripts/NewBehaviourScript.cs using Guid(768e6ff5087af5d48a568899f548a778) Importer(815301076,1909f56bfc062723c751e8b465ee728b)  -> (artifact id: '918db2e8a0e2e450d6a5552fbf0378a5') in 0.012256 seconds
  Import took 0.016689 seconds .

========================================================================
Received Prepare
Registering precompiled user dll's ...
Registered in 0.001264 seconds.
Begin MonoManager ReloadAssembly
Native extension for WindowsStandalone target not found
Native extension for WebGL target not found
Refreshing native plugins compatible for Editor in 0.44 ms, found 1 plugins.
Preloading 0 native plugins for Editor in 0.00 ms.
Invoked RoslynAnalysisRunner static constructor.
RoslynAnalysisRunner will not be running.
RoslynAnalysisRunner has terminated.
Mono: successfully reloaded assembly
- Completed reload, in  1.796 seconds
Platform modules already initialized, skipping
Refreshing native plugins compatible for Editor in 0.38 ms, found 1 plugins.
Preloading 0 native plugins for Editor in 0.00 ms.
Unloading 1810 Unused Serialized files (Serialized files now loaded: 0)
System memory in use before: 88.6 MB.
System memory in use after: 88.6 MB.

Unloading 12 unused Assets to reduce memory usage. Loaded Objects now: 2289.
Total: 3.407100 ms (FindLiveObjects: 0.428900 ms CreateObjectMapping: 0.174800 ms MarkObjects: 2.644300 ms  DeleteObjects: 0.157800 ms)

========================================================================
Received Prepare
Registering precompiled user dll's ...
Registered in 0.001269 seconds.
Begin MonoManager ReloadAssembly
Native extension for WindowsStandalone target not found
Native extension for WebGL target not found
Refreshing native plugins compatible for Editor in 0.67 ms, found 1 plugins.
Preloading 0 native plugins for Editor in 0.00 ms.
Invoked RoslynAnalysisRunner static constructor.
RoslynAnalysisRunner will not be running.
RoslynAnalysisRunner has terminated.
Mono: successfully reloaded assembly
- Completed reload, in  2.417 seconds
Platform modules already initialized, skipping
Refreshing native plugins compatible for Editor in 0.95 ms, found 1 plugins.
Preloading 0 native plugins for Editor in 0.00 ms.
Unloading 1810 Unused Serialized files (Serialized files now loaded: 0)
System memory in use before: 88.6 MB.
System memory in use after: 88.6 MB.

Unloading 12 unused Assets to reduce memory usage. Loaded Objects now: 2293.
Total: 7.725700 ms (FindLiveObjects: 0.625800 ms CreateObjectMapping: 0.366900 ms MarkObjects: 6.417000 ms  DeleteObjects: 0.312500 ms)

========================================================================
Received Import Request.
  Time since last request: 559.882385 seconds.
  path: Assets/Prefabs/Enemy 2.prefab
  artifactKey: Guid(d13f5d4df7b5e2745a007008e9ab283a) Importer(815301076,1909f56bfc062723c751e8b465ee728b)
Start importing Assets/Prefabs/Enemy 2.prefab using Guid(d13f5d4df7b5e2745a007008e9ab283a) Importer(815301076,1909f56bfc062723c751e8b465ee728b)  -> (artifact id: '1a51e2877c697eb3c3093d9b4166bbd1') in 0.140121 seconds
  Import took 0.148301 seconds .

========================================================================
Received Import Request.
  Time since last request: 0.000565 seconds.
  path: Assets/Prefabs/Enemy.prefab
  artifactKey: Guid(66c58cf42e7b90b4a82faac0374a4629) Importer(815301076,1909f56bfc062723c751e8b465ee728b)
Start importing Assets/Prefabs/Enemy.prefab using Guid(66c58cf42e7b90b4a82faac0374a4629) Importer(815301076,1909f56bfc062723c751e8b465ee728b)  -> (artifact id: 'cbef23ad48da755ad1ba526db9b11d92') in 0.013401 seconds
  Import took 0.019827 seconds .

========================================================================
Received Import Request.
  Time since last request: 8.307659 seconds.
  path: Assets/Scenes/New Folder
  artifactKey: Guid(291daecd200f88342896c25a81a694b5) Importer(815301076,1909f56bfc062723c751e8b465ee728b)
Start importing Assets/Scenes/New Folder using Guid(291daecd200f88342896c25a81a694b5) Importer(815301076,1909f56bfc062723c751e8b465ee728b)  -> (artifact id: 'd4c6c35d64d64bc2ce22de228f422b51') in 0.005167 seconds
  Import took 0.010004 seconds .

========================================================================
Received Import Request.
  Time since last request: 24.774611 seconds.
  path: Assets/Scripts/Scenes
  artifactKey: Guid(549b5bf5ab7c6fd41be6e4d66bace58b) Importer(815301076,1909f56bfc062723c751e8b465ee728b)
Start importing Assets/Scripts/Scenes using Guid(549b5bf5ab7c6fd41be6e4d66bace58b) Importer(815301076,1909f56bfc062723c751e8b465ee728b)  -> (artifact id: '23bb7dd15d9690bcf3505a665ebf1042') in 0.003573 seconds
  Import took 0.007868 seconds .

========================================================================
Received Import Request.
  Time since last request: 2.561103 seconds.
  path: Assets/Scripts/SceneIntroManager.cs
  artifactKey: Guid(5ecc401f1c56bcf44946ec5679046aea) Importer(815301076,1909f56bfc062723c751e8b465ee728b)
Start importing Assets/Scripts/SceneIntroManager.cs using Guid(5ecc401f1c56bcf44946ec5679046aea) Importer(815301076,1909f56bfc062723c751e8b465ee728b)  -> (artifact id: '4da8a02057ef8173fae194a6309a3c5d') in 0.003399 seconds
  Import took 0.007456 seconds .

========================================================================
Received Import Request.
  Time since last request: 0.003583 seconds.
  path: Assets/Scripts/SceneIntroManager.cs
  artifactKey: Guid(5ecc401f1c56bcf44946ec5679046aea) Importer(815301076,1909f56bfc062723c751e8b465ee728b)
Start importing Assets/Scripts/SceneIntroManager.cs using Guid(5ecc401f1c56bcf44946ec5679046aea) Importer(815301076,1909f56bfc062723c751e8b465ee728b)  -> (artifact id: '4da8a02057ef8173fae194a6309a3c5d') in 0.003035 seconds
  Import took 0.007821 seconds .

========================================================================
Received Import Request.
  Time since last request: 1.199382 seconds.
  path: Assets/Scripts/SceneManager.cs
  artifactKey: Guid(4a1033259c472d944a417b51e4466026) Importer(815301076,1909f56bfc062723c751e8b465ee728b)
Start importing Assets/Scripts/SceneManager.cs using Guid(4a1033259c472d944a417b51e4466026) Importer(815301076,1909f56bfc062723c751e8b465ee728b)  -> (artifact id: 'b1274602c7404430e57e7c51b0cc046f') in 0.006879 seconds
  Import took 0.011879 seconds .

========================================================================
Received Import Request.
  Time since last request: 0.004076 seconds.
  path: Assets/Scripts/SceneManager.cs
  artifactKey: Guid(4a1033259c472d944a417b51e4466026) Importer(815301076,1909f56bfc062723c751e8b465ee728b)
Start importing Assets/Scripts/SceneManager.cs using Guid(4a1033259c472d944a417b51e4466026) Importer(815301076,1909f56bfc062723c751e8b465ee728b)  -> (artifact id: 'b1274602c7404430e57e7c51b0cc046f') in 0.003456 seconds
  Import took 0.008757 seconds .

========================================================================
Received Prepare
Registering precompiled user dll's ...
Registered in 0.001116 seconds.
Begin MonoManager ReloadAssembly
Native extension for WindowsStandalone target not found
Native extension for WebGL target not found
Refreshing native plugins compatible for Editor in 1.61 ms, found 1 plugins.
Preloading 0 native plugins for Editor in 0.00 ms.
Invoked RoslynAnalysisRunner static constructor.
RoslynAnalysisRunner will not be running.
RoslynAnalysisRunner has terminated.
Mono: successfully reloaded assembly
- Completed reload, in  1.412 seconds
Platform modules already initialized, skipping
Refreshing native plugins compatible for Editor in 0.52 ms, found 1 plugins.
Preloading 0 native plugins for Editor in 0.00 ms.
Unloading 1810 Unused Serialized files (Serialized files now loaded: 0)
System memory in use before: 88.6 MB.
System memory in use after: 88.6 MB.

Unloading 12 unused Assets to reduce memory usage. Loaded Objects now: 2298.
Total: 4.609200 ms (FindLiveObjects: 0.389900 ms CreateObjectMapping: 0.141300 ms MarkObjects: 3.891700 ms  DeleteObjects: 0.183900 ms)

========================================================================
Received Import Request.
  Time since last request: 14.350947 seconds.
  path: Assets/Scripts/AttackController.cs
  artifactKey: Guid(ace20d3014fc5954784b1921ab36371e) Importer(815301076,1909f56bfc062723c751e8b465ee728b)
Start importing Assets/Scripts/AttackController.cs using Guid(ace20d3014fc5954784b1921ab36371e) Importer(815301076,1909f56bfc062723c751e8b465ee728b)  -> (artifact id: '6cf6d98a931d294a76748510fbec901f') in 0.007745 seconds
  Import took 0.012023 seconds .

========================================================================
Received Import Request.
  Time since last request: 0.002622 seconds.
  path: Assets/Scripts/AttackController.cs
  artifactKey: Guid(ace20d3014fc5954784b1921ab36371e) Importer(815301076,1909f56bfc062723c751e8b465ee728b)
Start importing Assets/Scripts/AttackController.cs using Guid(ace20d3014fc5954784b1921ab36371e) Importer(815301076,1909f56bfc062723c751e8b465ee728b)  -> (artifact id: '6cf6d98a931d294a76748510fbec901f') in 0.003456 seconds
  Import took 0.008168 seconds .

========================================================================
Received Import Request.
  Time since last request: 0.415145 seconds.
  path: Assets/Scripts/EnemyController.cs
  artifactKey: Guid(4767cab010bc56849a5d4a3128b1b4d9) Importer(815301076,1909f56bfc062723c751e8b465ee728b)
Start importing Assets/Scripts/EnemyController.cs using Guid(4767cab010bc56849a5d4a3128b1b4d9) Importer(815301076,1909f56bfc062723c751e8b465ee728b)  -> (artifact id: 'c5c57ca142341e5c70f2a0255750ca7d') in 0.003249 seconds
  Import took 0.006610 seconds .

========================================================================
Received Import Request.
  Time since last request: 0.001751 seconds.
  path: Assets/Scripts/EnemyController.cs
  artifactKey: Guid(4767cab010bc56849a5d4a3128b1b4d9) Importer(815301076,1909f56bfc062723c751e8b465ee728b)
Start importing Assets/Scripts/EnemyController.cs using Guid(4767cab010bc56849a5d4a3128b1b4d9) Importer(815301076,1909f56bfc062723c751e8b465ee728b)  -> (artifact id: 'c5c57ca142341e5c70f2a0255750ca7d') in 0.005030 seconds
  Import took 0.011570 seconds .

========================================================================
Received Import Request.
  Time since last request: 0.341297 seconds.
  path: Assets/Scripts/InformationHolder.cs
  artifactKey: Guid(e3017823c318bfc4eb1e9cbff0268fd1) Importer(815301076,1909f56bfc062723c751e8b465ee728b)
Start importing Assets/Scripts/InformationHolder.cs using Guid(e3017823c318bfc4eb1e9cbff0268fd1) Importer(815301076,1909f56bfc062723c751e8b465ee728b)  -> (artifact id: 'bfa2508366d5be01d28182ac8d026588') in 0.004428 seconds
  Import took 0.009039 seconds .

========================================================================
Received Import Request.
  Time since last request: 0.001182 seconds.
  path: Assets/Scripts/InformationHolder.cs
  artifactKey: Guid(e3017823c318bfc4eb1e9cbff0268fd1) Importer(815301076,1909f56bfc062723c751e8b465ee728b)
Start importing Assets/Scripts/InformationHolder.cs using Guid(e3017823c318bfc4eb1e9cbff0268fd1) Importer(815301076,1909f56bfc062723c751e8b465ee728b)  -> (artifact id: 'bfa2508366d5be01d28182ac8d026588') in 0.003852 seconds
  Import took 0.009012 seconds .

========================================================================
Received Import Request.
  Time since last request: 1.070692 seconds.
  path: Assets/Scripts/PlayerController.cs
  artifactKey: Guid(ec46c387f6d2fc54ea615e515721a297) Importer(815301076,1909f56bfc062723c751e8b465ee728b)
Start importing Assets/Scripts/PlayerController.cs using Guid(ec46c387f6d2fc54ea615e515721a297) Importer(815301076,1909f56bfc062723c751e8b465ee728b)  -> (artifact id: '465e6ac93d592cff156fbf45b81ddf34') in 0.004208 seconds
  Import took 0.009387 seconds .

========================================================================
Received Import Request.
  Time since last request: 20.131605 seconds.
  path: Assets/Scripts/WaypointController.cs
  artifactKey: Guid(19be34301fffb434e8544eb14293845d) Importer(815301076,1909f56bfc062723c751e8b465ee728b)
Start importing Assets/Scripts/WaypointController.cs using Guid(19be34301fffb434e8544eb14293845d) Importer(815301076,1909f56bfc062723c751e8b465ee728b)  -> (artifact id: 'bf5729024d9a11526587c8510531758b') in 0.003411 seconds
  Import took 0.007509 seconds .

========================================================================
Received Prepare
Registering precompiled user dll's ...
Registered in 0.001807 seconds.
Begin MonoManager ReloadAssembly
Native extension for WindowsStandalone target not found
Native extension for WebGL target not found
Refreshing native plugins compatible for Editor in 0.46 ms, found 1 plugins.
Preloading 0 native plugins for Editor in 0.00 ms.
Invoked RoslynAnalysisRunner static constructor.
RoslynAnalysisRunner will not be running.
RoslynAnalysisRunner has terminated.
Mono: successfully reloaded assembly
- Completed reload, in  1.538 seconds
Platform modules already initialized, skipping
Refreshing native plugins compatible for Editor in 0.47 ms, found 1 plugins.
Preloading 0 native plugins for Editor in 0.00 ms.
Unloading 1811 Unused Serialized files (Serialized files now loaded: 0)
System memory in use before: 88.7 MB.
System memory in use after: 88.6 MB.

Unloading 12 unused Assets to reduce memory usage. Loaded Objects now: 2303.
Total: 5.633000 ms (FindLiveObjects: 0.570600 ms CreateObjectMapping: 0.214000 ms MarkObjects: 4.621100 ms  DeleteObjects: 0.224200 ms)

AssetImportWorkerClient::OnTransportError - code=2 error=End of file
